  [1m[36mActiveRecord::SchemaMigration Load (1.6ms)[0m  [1mSELECT "schema_migrations".* FROM "schema_migrations"[0m
  [1m[35mActiveRecord::SchemaMigration Load (0.2ms)[0m  SELECT "schema_migrations".* FROM "schema_migrations"
DEPRECATION WARNING: You didn't set config.secret_key_base. Read the upgrade documentation to learn more about this new config option. (called from service at /Users/jholly/.rvm/rubies/ruby-2.1.5/lib/ruby/2.1.0/webrick/httpserver.rb:138)
method=GET path=/ format=html controller=welcome action=index status=200 duration=224.06 view=223.64 db=0.00
  [1m[36mArticle Load (1.8ms)[0m  [1mSELECT "articles".* FROM "articles"[0m
method=GET path=/articles format=html controller=articles action=index status=200 duration=14.27 view=6.55 db=1.79
method=GET path=/articles/new format=html controller=articles action=new status=200 duration=35.42 view=26.75 db=6.04
method=POST path=/articles format=html controller=articles action=create status=500 error='ActiveModel::MassAssignmentSecurity::Error:Can't mass-assign protected attributes for Article: title, text' duration=1.44

ActiveModel::MassAssignmentSecurity::Error - Can't mass-assign protected attributes for Article: title, text:
  protected_attributes (1.0.5) lib/active_model/mass_assignment_security/sanitizer.rb:60:in `process_removed_attributes'
  protected_attributes (1.0.5) lib/active_model/mass_assignment_security/sanitizer.rb:10:in `sanitize'
  protected_attributes (1.0.5) lib/active_model/mass_assignment_security.rb:346:in `sanitize_for_mass_assignment'
  protected_attributes (1.0.5) lib/active_record/mass_assignment_security/attribute_assignment.rb:58:in `assign_attributes'
  protected_attributes (1.0.5) lib/active_record/mass_assignment_security/core.rb:8:in `init_attributes'
  activerecord (4.0.2) lib/active_record/core.rb:185:in `initialize'
  activerecord (4.0.2) lib/active_record/inheritance.rb:27:in `new'
  app/controllers/articles_controller.rb:21:in `create'
  actionpack (4.0.2) lib/action_controller/metal/implicit_render.rb:4:in `send_action'
  actionpack (4.0.2) lib/abstract_controller/base.rb:189:in `process_action'
  actionpack (4.0.2) lib/action_controller/metal/rendering.rb:10:in `process_action'
  actionpack (4.0.2) lib/abstract_controller/callbacks.rb:18:in `block in process_action'
  activesupport (4.0.2) lib/active_support/callbacks.rb:393:in `_run__1119339234316750478__process_action__callbacks'
  activesupport (4.0.2) lib/active_support/callbacks.rb:80:in `run_callbacks'
  actionpack (4.0.2) lib/abstract_controller/callbacks.rb:17:in `process_action'
  actionpack (4.0.2) lib/action_controller/metal/rescue.rb:29:in `process_action'
  actionpack (4.0.2) lib/action_controller/metal/instrumentation.rb:31:in `block in process_action'
  activesupport (4.0.2) lib/active_support/notifications.rb:159:in `block in instrument'
  activesupport (4.0.2) lib/active_support/notifications/instrumenter.rb:20:in `instrument'
  activesupport (4.0.2) lib/active_support/notifications.rb:159:in `instrument'
  actionpack (4.0.2) lib/action_controller/metal/instrumentation.rb:30:in `process_action'
  actionpack (4.0.2) lib/action_controller/metal/params_wrapper.rb:245:in `process_action'
  activerecord (4.0.2) lib/active_record/railties/controller_runtime.rb:18:in `process_action'
  actionpack (4.0.2) lib/abstract_controller/base.rb:136:in `process'
  actionpack (4.0.2) lib/abstract_controller/rendering.rb:44:in `process'
  actionpack (4.0.2) lib/action_controller/metal.rb:195:in `dispatch'
  actionpack (4.0.2) lib/action_controller/metal/rack_delegation.rb:13:in `dispatch'
  actionpack (4.0.2) lib/action_controller/metal.rb:231:in `block in action'
  actionpack (4.0.2) lib/action_dispatch/routing/route_set.rb:80:in `dispatch'
  actionpack (4.0.2) lib/action_dispatch/routing/route_set.rb:48:in `call'
  actionpack (4.0.2) lib/action_dispatch/journey/router.rb:71:in `block in call'
  actionpack (4.0.2) lib/action_dispatch/journey/router.rb:59:in `call'
  actionpack (4.0.2) lib/action_dispatch/routing/route_set.rb:680:in `call'
  rack (1.5.2) lib/rack/etag.rb:23:in `call'
  rack (1.5.2) lib/rack/conditionalget.rb:35:in `call'
  rack (1.5.2) lib/rack/head.rb:11:in `call'
  actionpack (4.0.2) lib/action_dispatch/middleware/params_parser.rb:27:in `call'
  actionpack (4.0.2) lib/action_dispatch/middleware/flash.rb:241:in `call'
  rack (1.5.2) lib/rack/session/abstract/id.rb:225:in `context'
  rack (1.5.2) lib/rack/session/abstract/id.rb:220:in `call'
  actionpack (4.0.2) lib/action_dispatch/middleware/cookies.rb:486:in `call'
  activerecord (4.0.2) lib/active_record/query_cache.rb:36:in `call'
  activerecord (4.0.2) lib/active_record/connection_adapters/abstract/connection_pool.rb:626:in `call'
  actionpack (4.0.2) lib/action_dispatch/middleware/callbacks.rb:29:in `block in call'
  activesupport (4.0.2) lib/active_support/callbacks.rb:373:in `_run__4147124238633593608__call__callbacks'
  activesupport (4.0.2) lib/active_support/callbacks.rb:80:in `run_callbacks'
  actionpack (4.0.2) lib/action_dispatch/middleware/callbacks.rb:27:in `call'
  actionpack (4.0.2) lib/action_dispatch/middleware/reloader.rb:64:in `call'
  actionpack (4.0.2) lib/action_dispatch/middleware/remote_ip.rb:76:in `call'
  better_errors (1.1.0) lib/better_errors/middleware.rb:84:in `protected_app_call'
  better_errors (1.1.0) lib/better_errors/middleware.rb:79:in `better_errors_call'
  better_errors (1.1.0) lib/better_errors/middleware.rb:56:in `call'
  actionpack (4.0.2) lib/action_dispatch/middleware/debug_exceptions.rb:17:in `call'
  actionpack (4.0.2) lib/action_dispatch/middleware/show_exceptions.rb:30:in `call'
  lograge (0.2.2) lib/lograge/rails_ext/rack/logger.rb:15:in `call_app'
  railties (4.0.2) lib/rails/rack/logger.rb:20:in `block in call'
  activesupport (4.0.2) lib/active_support/tagged_logging.rb:67:in `block in tagged'
  activesupport (4.0.2) lib/active_support/tagged_logging.rb:25:in `tagged'
  activesupport (4.0.2) lib/active_support/tagged_logging.rb:67:in `tagged'
  railties (4.0.2) lib/rails/rack/logger.rb:20:in `call'
  actionpack (4.0.2) lib/action_dispatch/middleware/request_id.rb:21:in `call'
  rack (1.5.2) lib/rack/methodoverride.rb:21:in `call'
  rack (1.5.2) lib/rack/runtime.rb:17:in `call'
  activesupport (4.0.2) lib/active_support/cache/strategy/local_cache.rb:83:in `call'
  rack (1.5.2) lib/rack/lock.rb:17:in `call'
  actionpack (4.0.2) lib/action_dispatch/middleware/static.rb:64:in `call'
  rack (1.5.2) lib/rack/sendfile.rb:112:in `call'
  railties (4.0.2) lib/rails/engine.rb:511:in `call'
  railties (4.0.2) lib/rails/application.rb:97:in `call'
  rack (1.5.2) lib/rack/lock.rb:17:in `call'
  rack (1.5.2) lib/rack/content_length.rb:14:in `call'
  rack (1.5.2) lib/rack/handler/webrick.rb:60:in `service'
  /Users/jholly/.rvm/rubies/ruby-2.1.5/lib/ruby/2.1.0/webrick/httpserver.rb:138:in `service'
  /Users/jholly/.rvm/rubies/ruby-2.1.5/lib/ruby/2.1.0/webrick/httpserver.rb:94:in `run'
  /Users/jholly/.rvm/rubies/ruby-2.1.5/lib/ruby/2.1.0/webrick/server.rb:295:in `block in start_thread'

method=GET path=/ format=html controller=welcome action=index status=200 duration=4.75 view=4.42 db=0.00
method=GET path=/articles format=html controller=articles action=index status=500 error='SyntaxError:/Users/jholly/Desktop/boilerplate/app/models/article.rb:2: syntax error, unexpected ':', expecting keyword_end
	attr_accessible: :title, :text
	                ^' duration=1.92

SyntaxError - /Users/jholly/Desktop/boilerplate/app/models/article.rb:2: syntax error, unexpected ':', expecting keyword_end
	attr_accessible: :title, :text
	                ^:
  activesupport (4.0.2) lib/active_support/dependencies.rb:424:in `'
  activesupport (4.0.2) lib/active_support/dependencies.rb:424:in `block in load_file'
  activesupport (4.0.2) lib/active_support/dependencies.rb:616:in `new_constants_in'
  activesupport (4.0.2) lib/active_support/dependencies.rb:423:in `load_file'
  activesupport (4.0.2) lib/active_support/dependencies.rb:324:in `require_or_load'
  activesupport (4.0.2) lib/active_support/dependencies.rb:463:in `load_missing_constant'
  activesupport (4.0.2) lib/active_support/dependencies.rb:184:in `const_missing'
  activesupport (4.0.2) lib/active_support/dependencies.rb:495:in `load_missing_constant'
  activesupport (4.0.2) lib/active_support/dependencies.rb:184:in `const_missing'
  app/controllers/articles_controller.rb:5:in `index'
  actionpack (4.0.2) lib/action_controller/metal/implicit_render.rb:4:in `send_action'
  actionpack (4.0.2) lib/abstract_controller/base.rb:189:in `process_action'
  actionpack (4.0.2) lib/action_controller/metal/rendering.rb:10:in `process_action'
  actionpack (4.0.2) lib/abstract_controller/callbacks.rb:18:in `block in process_action'
  activesupport (4.0.2) lib/active_support/callbacks.rb:393:in `_run__1119339234316750478__process_action__callbacks'
  activesupport (4.0.2) lib/active_support/callbacks.rb:80:in `run_callbacks'
  actionpack (4.0.2) lib/abstract_controller/callbacks.rb:17:in `process_action'
  actionpack (4.0.2) lib/action_controller/metal/rescue.rb:29:in `process_action'
  actionpack (4.0.2) lib/action_controller/metal/instrumentation.rb:31:in `block in process_action'
  activesupport (4.0.2) lib/active_support/notifications.rb:159:in `block in instrument'
  activesupport (4.0.2) lib/active_support/notifications/instrumenter.rb:20:in `instrument'
  activesupport (4.0.2) lib/active_support/notifications.rb:159:in `instrument'
  actionpack (4.0.2) lib/action_controller/metal/instrumentation.rb:30:in `process_action'
  actionpack (4.0.2) lib/action_controller/metal/params_wrapper.rb:245:in `process_action'
  activerecord (4.0.2) lib/active_record/railties/controller_runtime.rb:18:in `process_action'
  actionpack (4.0.2) lib/abstract_controller/base.rb:136:in `process'
  actionpack (4.0.2) lib/abstract_controller/rendering.rb:44:in `process'
  actionpack (4.0.2) lib/action_controller/metal.rb:195:in `dispatch'
  actionpack (4.0.2) lib/action_controller/metal/rack_delegation.rb:13:in `dispatch'
  actionpack (4.0.2) lib/action_controller/metal.rb:231:in `block in action'
  actionpack (4.0.2) lib/action_dispatch/routing/route_set.rb:80:in `dispatch'
  actionpack (4.0.2) lib/action_dispatch/routing/route_set.rb:48:in `call'
  actionpack (4.0.2) lib/action_dispatch/journey/router.rb:71:in `block in call'
  actionpack (4.0.2) lib/action_dispatch/journey/router.rb:59:in `call'
  actionpack (4.0.2) lib/action_dispatch/routing/route_set.rb:680:in `call'
  rack (1.5.2) lib/rack/etag.rb:23:in `call'
  rack (1.5.2) lib/rack/conditionalget.rb:25:in `call'
  rack (1.5.2) lib/rack/head.rb:11:in `call'
  actionpack (4.0.2) lib/action_dispatch/middleware/params_parser.rb:27:in `call'
  actionpack (4.0.2) lib/action_dispatch/middleware/flash.rb:241:in `call'
  rack (1.5.2) lib/rack/session/abstract/id.rb:225:in `context'
  rack (1.5.2) lib/rack/session/abstract/id.rb:220:in `call'
  actionpack (4.0.2) lib/action_dispatch/middleware/cookies.rb:486:in `call'
  activerecord (4.0.2) lib/active_record/query_cache.rb:36:in `call'
  activerecord (4.0.2) lib/active_record/connection_adapters/abstract/connection_pool.rb:626:in `call'
  actionpack (4.0.2) lib/action_dispatch/middleware/callbacks.rb:29:in `block in call'
  activesupport (4.0.2) lib/active_support/callbacks.rb:373:in `_run__4147124238633593608__call__callbacks'
  activesupport (4.0.2) lib/active_support/callbacks.rb:80:in `run_callbacks'
  actionpack (4.0.2) lib/action_dispatch/middleware/callbacks.rb:27:in `call'
  actionpack (4.0.2) lib/action_dispatch/middleware/reloader.rb:64:in `call'
  actionpack (4.0.2) lib/action_dispatch/middleware/remote_ip.rb:76:in `call'
  better_errors (1.1.0) lib/better_errors/middleware.rb:84:in `protected_app_call'
  better_errors (1.1.0) lib/better_errors/middleware.rb:79:in `better_errors_call'
  better_errors (1.1.0) lib/better_errors/middleware.rb:56:in `call'
  actionpack (4.0.2) lib/action_dispatch/middleware/debug_exceptions.rb:17:in `call'
  actionpack (4.0.2) lib/action_dispatch/middleware/show_exceptions.rb:30:in `call'
  lograge (0.2.2) lib/lograge/rails_ext/rack/logger.rb:15:in `call_app'
  railties (4.0.2) lib/rails/rack/logger.rb:20:in `block in call'
  activesupport (4.0.2) lib/active_support/tagged_logging.rb:67:in `block in tagged'
  activesupport (4.0.2) lib/active_support/tagged_logging.rb:25:in `tagged'
  activesupport (4.0.2) lib/active_support/tagged_logging.rb:67:in `tagged'
  railties (4.0.2) lib/rails/rack/logger.rb:20:in `call'
  actionpack (4.0.2) lib/action_dispatch/middleware/request_id.rb:21:in `call'
  rack (1.5.2) lib/rack/methodoverride.rb:21:in `call'
  rack (1.5.2) lib/rack/runtime.rb:17:in `call'
  activesupport (4.0.2) lib/active_support/cache/strategy/local_cache.rb:83:in `call'
  rack (1.5.2) lib/rack/lock.rb:17:in `call'
  actionpack (4.0.2) lib/action_dispatch/middleware/static.rb:64:in `call'
  rack (1.5.2) lib/rack/sendfile.rb:112:in `call'
  railties (4.0.2) lib/rails/engine.rb:511:in `call'
  railties (4.0.2) lib/rails/application.rb:97:in `call'
  rack (1.5.2) lib/rack/lock.rb:17:in `call'
  rack (1.5.2) lib/rack/content_length.rb:14:in `call'
  rack (1.5.2) lib/rack/handler/webrick.rb:60:in `service'
  /Users/jholly/.rvm/rubies/ruby-2.1.5/lib/ruby/2.1.0/webrick/httpserver.rb:138:in `service'
  /Users/jholly/.rvm/rubies/ruby-2.1.5/lib/ruby/2.1.0/webrick/httpserver.rb:94:in `run'
  /Users/jholly/.rvm/rubies/ruby-2.1.5/lib/ruby/2.1.0/webrick/server.rb:295:in `block in start_thread'

method=GET path=/articles format=html controller=articles action=index status=500 error='SyntaxError:/Users/jholly/Desktop/boilerplate/app/models/article.rb:2: syntax error, unexpected ':', expecting keyword_end
	attr_accessible: :title, :text
	                ^' duration=1.58

SyntaxError - /Users/jholly/Desktop/boilerplate/app/models/article.rb:2: syntax error, unexpected ':', expecting keyword_end
	attr_accessible: :title, :text
	                ^:
  activesupport (4.0.2) lib/active_support/dependencies.rb:424:in `'
  activesupport (4.0.2) lib/active_support/dependencies.rb:424:in `block in load_file'
  activesupport (4.0.2) lib/active_support/dependencies.rb:616:in `new_constants_in'
  activesupport (4.0.2) lib/active_support/dependencies.rb:423:in `load_file'
  activesupport (4.0.2) lib/active_support/dependencies.rb:324:in `require_or_load'
  activesupport (4.0.2) lib/active_support/dependencies.rb:463:in `load_missing_constant'
  activesupport (4.0.2) lib/active_support/dependencies.rb:184:in `const_missing'
  activesupport (4.0.2) lib/active_support/dependencies.rb:495:in `load_missing_constant'
  activesupport (4.0.2) lib/active_support/dependencies.rb:184:in `const_missing'
  app/controllers/articles_controller.rb:5:in `index'
  actionpack (4.0.2) lib/action_controller/metal/implicit_render.rb:4:in `send_action'
  actionpack (4.0.2) lib/abstract_controller/base.rb:189:in `process_action'
  actionpack (4.0.2) lib/action_controller/metal/rendering.rb:10:in `process_action'
  actionpack (4.0.2) lib/abstract_controller/callbacks.rb:18:in `block in process_action'
  activesupport (4.0.2) lib/active_support/callbacks.rb:393:in `_run__1119339234316750478__process_action__callbacks'
  activesupport (4.0.2) lib/active_support/callbacks.rb:80:in `run_callbacks'
  actionpack (4.0.2) lib/abstract_controller/callbacks.rb:17:in `process_action'
  actionpack (4.0.2) lib/action_controller/metal/rescue.rb:29:in `process_action'
  actionpack (4.0.2) lib/action_controller/metal/instrumentation.rb:31:in `block in process_action'
  activesupport (4.0.2) lib/active_support/notifications.rb:159:in `block in instrument'
  activesupport (4.0.2) lib/active_support/notifications/instrumenter.rb:20:in `instrument'
  activesupport (4.0.2) lib/active_support/notifications.rb:159:in `instrument'
  actionpack (4.0.2) lib/action_controller/metal/instrumentation.rb:30:in `process_action'
  actionpack (4.0.2) lib/action_controller/metal/params_wrapper.rb:245:in `process_action'
  activerecord (4.0.2) lib/active_record/railties/controller_runtime.rb:18:in `process_action'
  actionpack (4.0.2) lib/abstract_controller/base.rb:136:in `process'
  actionpack (4.0.2) lib/abstract_controller/rendering.rb:44:in `process'
  actionpack (4.0.2) lib/action_controller/metal.rb:195:in `dispatch'
  actionpack (4.0.2) lib/action_controller/metal/rack_delegation.rb:13:in `dispatch'
  actionpack (4.0.2) lib/action_controller/metal.rb:231:in `block in action'
  actionpack (4.0.2) lib/action_dispatch/routing/route_set.rb:80:in `dispatch'
  actionpack (4.0.2) lib/action_dispatch/routing/route_set.rb:48:in `call'
  actionpack (4.0.2) lib/action_dispatch/journey/router.rb:71:in `block in call'
  actionpack (4.0.2) lib/action_dispatch/journey/router.rb:59:in `call'
  actionpack (4.0.2) lib/action_dispatch/routing/route_set.rb:680:in `call'
  rack (1.5.2) lib/rack/etag.rb:23:in `call'
  rack (1.5.2) lib/rack/conditionalget.rb:25:in `call'
  rack (1.5.2) lib/rack/head.rb:11:in `call'
  actionpack (4.0.2) lib/action_dispatch/middleware/params_parser.rb:27:in `call'
  actionpack (4.0.2) lib/action_dispatch/middleware/flash.rb:241:in `call'
  rack (1.5.2) lib/rack/session/abstract/id.rb:225:in `context'
  rack (1.5.2) lib/rack/session/abstract/id.rb:220:in `call'
  actionpack (4.0.2) lib/action_dispatch/middleware/cookies.rb:486:in `call'
  activerecord (4.0.2) lib/active_record/query_cache.rb:36:in `call'
  activerecord (4.0.2) lib/active_record/connection_adapters/abstract/connection_pool.rb:626:in `call'
  actionpack (4.0.2) lib/action_dispatch/middleware/callbacks.rb:29:in `block in call'
  activesupport (4.0.2) lib/active_support/callbacks.rb:373:in `_run__4147124238633593608__call__callbacks'
  activesupport (4.0.2) lib/active_support/callbacks.rb:80:in `run_callbacks'
  actionpack (4.0.2) lib/action_dispatch/middleware/callbacks.rb:27:in `call'
  actionpack (4.0.2) lib/action_dispatch/middleware/reloader.rb:64:in `call'
  actionpack (4.0.2) lib/action_dispatch/middleware/remote_ip.rb:76:in `call'
  better_errors (1.1.0) lib/better_errors/middleware.rb:84:in `protected_app_call'
  better_errors (1.1.0) lib/better_errors/middleware.rb:79:in `better_errors_call'
  better_errors (1.1.0) lib/better_errors/middleware.rb:56:in `call'
  actionpack (4.0.2) lib/action_dispatch/middleware/debug_exceptions.rb:17:in `call'
  actionpack (4.0.2) lib/action_dispatch/middleware/show_exceptions.rb:30:in `call'
  lograge (0.2.2) lib/lograge/rails_ext/rack/logger.rb:15:in `call_app'
  railties (4.0.2) lib/rails/rack/logger.rb:20:in `block in call'
  activesupport (4.0.2) lib/active_support/tagged_logging.rb:67:in `block in tagged'
  activesupport (4.0.2) lib/active_support/tagged_logging.rb:25:in `tagged'
  activesupport (4.0.2) lib/active_support/tagged_logging.rb:67:in `tagged'
  railties (4.0.2) lib/rails/rack/logger.rb:20:in `call'
  actionpack (4.0.2) lib/action_dispatch/middleware/request_id.rb:21:in `call'
  rack (1.5.2) lib/rack/methodoverride.rb:21:in `call'
  rack (1.5.2) lib/rack/runtime.rb:17:in `call'
  activesupport (4.0.2) lib/active_support/cache/strategy/local_cache.rb:83:in `call'
  rack (1.5.2) lib/rack/lock.rb:17:in `call'
  actionpack (4.0.2) lib/action_dispatch/middleware/static.rb:64:in `call'
  rack (1.5.2) lib/rack/sendfile.rb:112:in `call'
  railties (4.0.2) lib/rails/engine.rb:511:in `call'
  railties (4.0.2) lib/rails/application.rb:97:in `call'
  rack (1.5.2) lib/rack/lock.rb:17:in `call'
  rack (1.5.2) lib/rack/content_length.rb:14:in `call'
  rack (1.5.2) lib/rack/handler/webrick.rb:60:in `service'
  /Users/jholly/.rvm/rubies/ruby-2.1.5/lib/ruby/2.1.0/webrick/httpserver.rb:138:in `service'
  /Users/jholly/.rvm/rubies/ruby-2.1.5/lib/ruby/2.1.0/webrick/httpserver.rb:94:in `run'
  /Users/jholly/.rvm/rubies/ruby-2.1.5/lib/ruby/2.1.0/webrick/server.rb:295:in `block in start_thread'

method=GET path=/ format=html controller=welcome action=index status=200 duration=6.86 view=6.33 db=0.00
  [1m[35mArticle Load (0.5ms)[0m  SELECT "articles".* FROM "articles"
method=GET path=/articles format=html controller=articles action=index status=200 duration=9.52 view=5.13 db=0.49
method=GET path=/articles/new format=html controller=articles action=new status=200 duration=13.67 view=10.03 db=2.26
  [1m[36m (0.3ms)[0m  [1mBEGIN[0m
  [1m[35mSQL (10.1ms)[0m  INSERT INTO "articles" ("created_at", "text", "title", "updated_at") VALUES ($1, $2, $3, $4) RETURNING "id"  [["created_at", Tue, 02 Jun 2015 13:37:32 UTC +00:00], ["text", "hi"], ["title", "hey hey"], ["updated_at", Tue, 02 Jun 2015 13:37:32 UTC +00:00]]
  [1m[36m (11.6ms)[0m  [1mCOMMIT[0m
method=POST path=/articles format=html controller=articles action=create status=302 duration=28.17 db=22.23 location=http://localhost:3000/articles/1
  [1m[35mArticle Load (0.7ms)[0m  SELECT "articles".* FROM "articles" WHERE "articles"."id" = $1 LIMIT 1  [["id", "1"]]
  [1m[36mComment Load (14.1ms)[0m  [1mSELECT "comments".* FROM "comments" WHERE "comments"."article_id" = $1[0m  [["article_id", 1]]
method=GET path=/articles/1 format=html controller=articles action=show status=200 duration=63.89 view=44.38 db=17.00
  [1m[35mArticle Load (0.7ms)[0m  SELECT "articles".* FROM "articles" WHERE "articles"."id" = $1 LIMIT 1  [["id", "1"]]
  [1m[36m (0.2ms)[0m  [1mBEGIN[0m
  [1m[35m (0.1ms)[0m  ROLLBACK
method=POST path=/articles/1/comments format=html controller=comments action=create status=500 error='ActiveModel::MassAssignmentSecurity::Error:Can't mass-assign protected attributes for Comment: commenter, body' duration=5.00

ActiveModel::MassAssignmentSecurity::Error - Can't mass-assign protected attributes for Comment: commenter, body:
  protected_attributes (1.0.5) lib/active_model/mass_assignment_security/sanitizer.rb:60:in `process_removed_attributes'
  protected_attributes (1.0.5) lib/active_model/mass_assignment_security/sanitizer.rb:10:in `sanitize'
  protected_attributes (1.0.5) lib/active_model/mass_assignment_security.rb:346:in `sanitize_for_mass_assignment'
  protected_attributes (1.0.5) lib/active_record/mass_assignment_security/attribute_assignment.rb:58:in `assign_attributes'
  protected_attributes (1.0.5) lib/active_record/mass_assignment_security/core.rb:8:in `init_attributes'
  activerecord (4.0.2) lib/active_record/core.rb:185:in `initialize'
  activerecord (4.0.2) lib/active_record/inheritance.rb:27:in `new'
  protected_attributes (1.0.5) lib/active_record/mass_assignment_security/reflection.rb:5:in `build_association'
  protected_attributes (1.0.5) lib/active_record/mass_assignment_security/associations.rb:5:in `build_record'
  protected_attributes (1.0.5) lib/active_record/mass_assignment_security/associations.rb:42:in `block in create_record'
  activerecord (4.0.2) lib/active_record/associations/collection_association.rb:152:in `block in transaction'
  activerecord (4.0.2) lib/active_record/connection_adapters/abstract/database_statements.rb:202:in `block in transaction'
  activerecord (4.0.2) lib/active_record/connection_adapters/abstract/database_statements.rb:210:in `within_new_transaction'
  activerecord (4.0.2) lib/active_record/connection_adapters/abstract/database_statements.rb:202:in `transaction'
  activerecord (4.0.2) lib/active_record/transactions.rb:209:in `transaction'
  activerecord (4.0.2) lib/active_record/associations/collection_association.rb:151:in `transaction'
  protected_attributes (1.0.5) lib/active_record/mass_assignment_security/associations.rb:41:in `create_record'
  protected_attributes (1.0.5) lib/active_record/mass_assignment_security/associations.rb:26:in `create'
  protected_attributes (1.0.5) lib/active_record/mass_assignment_security/associations.rb:59:in `create'
  app/controllers/comments_controller.rb:5:in `create'
  actionpack (4.0.2) lib/action_controller/metal/implicit_render.rb:4:in `send_action'
  actionpack (4.0.2) lib/abstract_controller/base.rb:189:in `process_action'
  actionpack (4.0.2) lib/action_controller/metal/rendering.rb:10:in `process_action'
  actionpack (4.0.2) lib/abstract_controller/callbacks.rb:18:in `block in process_action'
  activesupport (4.0.2) lib/active_support/callbacks.rb:393:in `_run__4207251405299701314__process_action__callbacks'
  activesupport (4.0.2) lib/active_support/callbacks.rb:80:in `run_callbacks'
  actionpack (4.0.2) lib/abstract_controller/callbacks.rb:17:in `process_action'
  actionpack (4.0.2) lib/action_controller/metal/rescue.rb:29:in `process_action'
  actionpack (4.0.2) lib/action_controller/metal/instrumentation.rb:31:in `block in process_action'
  activesupport (4.0.2) lib/active_support/notifications.rb:159:in `block in instrument'
  activesupport (4.0.2) lib/active_support/notifications/instrumenter.rb:20:in `instrument'
  activesupport (4.0.2) lib/active_support/notifications.rb:159:in `instrument'
  actionpack (4.0.2) lib/action_controller/metal/instrumentation.rb:30:in `process_action'
  actionpack (4.0.2) lib/action_controller/metal/params_wrapper.rb:245:in `process_action'
  activerecord (4.0.2) lib/active_record/railties/controller_runtime.rb:18:in `process_action'
  actionpack (4.0.2) lib/abstract_controller/base.rb:136:in `process'
  actionpack (4.0.2) lib/abstract_controller/rendering.rb:44:in `process'
  actionpack (4.0.2) lib/action_controller/metal.rb:195:in `dispatch'
  actionpack (4.0.2) lib/action_controller/metal/rack_delegation.rb:13:in `dispatch'
  actionpack (4.0.2) lib/action_controller/metal.rb:231:in `block in action'
  actionpack (4.0.2) lib/action_dispatch/routing/route_set.rb:80:in `dispatch'
  actionpack (4.0.2) lib/action_dispatch/routing/route_set.rb:48:in `call'
  actionpack (4.0.2) lib/action_dispatch/journey/router.rb:71:in `block in call'
  actionpack (4.0.2) lib/action_dispatch/journey/router.rb:59:in `call'
  actionpack (4.0.2) lib/action_dispatch/routing/route_set.rb:680:in `call'
  rack (1.5.2) lib/rack/etag.rb:23:in `call'
  rack (1.5.2) lib/rack/conditionalget.rb:35:in `call'
  rack (1.5.2) lib/rack/head.rb:11:in `call'
  actionpack (4.0.2) lib/action_dispatch/middleware/params_parser.rb:27:in `call'
  actionpack (4.0.2) lib/action_dispatch/middleware/flash.rb:241:in `call'
  rack (1.5.2) lib/rack/session/abstract/id.rb:225:in `context'
  rack (1.5.2) lib/rack/session/abstract/id.rb:220:in `call'
  actionpack (4.0.2) lib/action_dispatch/middleware/cookies.rb:486:in `call'
  activerecord (4.0.2) lib/active_record/query_cache.rb:36:in `call'
  activerecord (4.0.2) lib/active_record/connection_adapters/abstract/connection_pool.rb:626:in `call'
  actionpack (4.0.2) lib/action_dispatch/middleware/callbacks.rb:29:in `block in call'
  activesupport (4.0.2) lib/active_support/callbacks.rb:373:in `_run__4147124238633593608__call__callbacks'
  activesupport (4.0.2) lib/active_support/callbacks.rb:80:in `run_callbacks'
  actionpack (4.0.2) lib/action_dispatch/middleware/callbacks.rb:27:in `call'
  actionpack (4.0.2) lib/action_dispatch/middleware/reloader.rb:64:in `call'
  actionpack (4.0.2) lib/action_dispatch/middleware/remote_ip.rb:76:in `call'
  better_errors (1.1.0) lib/better_errors/middleware.rb:84:in `protected_app_call'
  better_errors (1.1.0) lib/better_errors/middleware.rb:79:in `better_errors_call'
  better_errors (1.1.0) lib/better_errors/middleware.rb:56:in `call'
  actionpack (4.0.2) lib/action_dispatch/middleware/debug_exceptions.rb:17:in `call'
  actionpack (4.0.2) lib/action_dispatch/middleware/show_exceptions.rb:30:in `call'
  lograge (0.2.2) lib/lograge/rails_ext/rack/logger.rb:15:in `call_app'
  railties (4.0.2) lib/rails/rack/logger.rb:20:in `block in call'
  activesupport (4.0.2) lib/active_support/tagged_logging.rb:67:in `block in tagged'
  activesupport (4.0.2) lib/active_support/tagged_logging.rb:25:in `tagged'
  activesupport (4.0.2) lib/active_support/tagged_logging.rb:67:in `tagged'
  railties (4.0.2) lib/rails/rack/logger.rb:20:in `call'
  actionpack (4.0.2) lib/action_dispatch/middleware/request_id.rb:21:in `call'
  rack (1.5.2) lib/rack/methodoverride.rb:21:in `call'
  rack (1.5.2) lib/rack/runtime.rb:17:in `call'
  activesupport (4.0.2) lib/active_support/cache/strategy/local_cache.rb:83:in `call'
  rack (1.5.2) lib/rack/lock.rb:17:in `call'
  actionpack (4.0.2) lib/action_dispatch/middleware/static.rb:64:in `call'
  rack (1.5.2) lib/rack/sendfile.rb:112:in `call'
  railties (4.0.2) lib/rails/engine.rb:511:in `call'
  railties (4.0.2) lib/rails/application.rb:97:in `call'
  rack (1.5.2) lib/rack/lock.rb:17:in `call'
  rack (1.5.2) lib/rack/content_length.rb:14:in `call'
  rack (1.5.2) lib/rack/handler/webrick.rb:60:in `service'
  /Users/jholly/.rvm/rubies/ruby-2.1.5/lib/ruby/2.1.0/webrick/httpserver.rb:138:in `service'
  /Users/jholly/.rvm/rubies/ruby-2.1.5/lib/ruby/2.1.0/webrick/httpserver.rb:94:in `run'
  /Users/jholly/.rvm/rubies/ruby-2.1.5/lib/ruby/2.1.0/webrick/server.rb:295:in `block in start_thread'

  [1m[36mArticle Load (0.3ms)[0m  [1mSELECT "articles".* FROM "articles" WHERE "articles"."id" = $1 LIMIT 1[0m  [["id", "1"]]
  [1m[35m (0.1ms)[0m  BEGIN
  [1m[36mSQL (2.0ms)[0m  [1mINSERT INTO "comments" ("article_id", "body", "commenter", "created_at", "updated_at") VALUES ($1, $2, $3, $4, $5) RETURNING "id"[0m  [["article_id", 1], ["body", "nice!"], ["commenter", "jordan"], ["created_at", Tue, 02 Jun 2015 13:38:12 UTC +00:00], ["updated_at", Tue, 02 Jun 2015 13:38:12 UTC +00:00]]
  [1m[35m (0.4ms)[0m  COMMIT
method=POST path=/articles/1/comments format=html controller=comments action=create status=302 duration=30.17 db=6.61 location=http://localhost:3000/articles/1
  [1m[36mArticle Load (0.5ms)[0m  [1mSELECT "articles".* FROM "articles" WHERE "articles"."id" = $1 LIMIT 1[0m  [["id", "1"]]
  [1m[35mComment Load (0.5ms)[0m  SELECT "comments".* FROM "comments" WHERE "comments"."article_id" = $1  [["article_id", 1]]
  [1m[36mArticle Load (0.8ms)[0m  [1mSELECT "articles".* FROM "articles" WHERE "articles"."id" = $1 ORDER BY "articles"."id" ASC LIMIT 1[0m  [["id", 1]]
method=GET path=/articles/1 format=html controller=articles action=show status=200 duration=20.59 view=17.55 db=1.75
  [1m[35mArticle Load (0.6ms)[0m  SELECT "articles".* FROM "articles" WHERE "articles"."id" = $1 LIMIT 1  [["id", "1"]]
  [1m[36m (0.1ms)[0m  [1mBEGIN[0m
  [1m[35mSQL (0.4ms)[0m  INSERT INTO "comments" ("article_id", "body", "commenter", "created_at", "updated_at") VALUES ($1, $2, $3, $4, $5) RETURNING "id"  [["article_id", 1], ["body", "hello!"], ["commenter", "jay"], ["created_at", Tue, 02 Jun 2015 13:38:24 UTC +00:00], ["updated_at", Tue, 02 Jun 2015 13:38:24 UTC +00:00]]
  [1m[36m (5.7ms)[0m  [1mCOMMIT[0m
method=POST path=/articles/1/comments format=html controller=comments action=create status=302 duration=11.36 db=6.94 location=http://localhost:3000/articles/1
  [1m[35mArticle Load (0.5ms)[0m  SELECT "articles".* FROM "articles" WHERE "articles"."id" = $1 LIMIT 1  [["id", "1"]]
  [1m[36mComment Load (0.4ms)[0m  [1mSELECT "comments".* FROM "comments" WHERE "comments"."article_id" = $1[0m  [["article_id", 1]]
  [1m[35mArticle Load (0.3ms)[0m  SELECT "articles".* FROM "articles" WHERE "articles"."id" = $1 ORDER BY "articles"."id" ASC LIMIT 1  [["id", 1]]
  [1m[36mCACHE (0.0ms)[0m  [1mSELECT "articles".* FROM "articles" WHERE "articles"."id" = $1 ORDER BY "articles"."id" ASC LIMIT 1[0m  [["id", 1]]
method=GET path=/articles/1 format=html controller=articles action=show status=200 duration=13.83 view=11.66 db=1.15
  [1m[35mArticle Load (0.4ms)[0m  SELECT "articles".* FROM "articles" WHERE "articles"."id" = $1 LIMIT 1  [["id", "1"]]
  [1m[36mComment Load (0.5ms)[0m  [1mSELECT "comments".* FROM "comments" WHERE "comments"."article_id" = $1 AND "comments"."id" = $2 LIMIT 1[0m  [["article_id", 1], ["id", "1"]]
  [1m[35m (0.1ms)[0m  BEGIN
  [1m[36mSQL (1.3ms)[0m  [1mDELETE FROM "comments" WHERE "comments"."id" = $1[0m  [["id", 1]]
  [1m[35m (0.4ms)[0m  COMMIT
method=POST path=/articles/1/comments/1 format=html controller=comments action=destroy status=302 duration=6.83 db=2.72 location=http://localhost:3000/articles/1
  [1m[36mArticle Load (0.4ms)[0m  [1mSELECT "articles".* FROM "articles" WHERE "articles"."id" = $1 LIMIT 1[0m  [["id", "1"]]
  [1m[35mComment Load (0.4ms)[0m  SELECT "comments".* FROM "comments" WHERE "comments"."article_id" = $1  [["article_id", 1]]
  [1m[36mArticle Load (0.3ms)[0m  [1mSELECT "articles".* FROM "articles" WHERE "articles"."id" = $1 ORDER BY "articles"."id" ASC LIMIT 1[0m  [["id", 1]]
method=GET path=/articles/1 format=html controller=articles action=show status=200 duration=12.67 view=10.27 db=1.09
  [1m[35mArticle Load (0.4ms)[0m  SELECT "articles".* FROM "articles" WHERE "articles"."id" = $1 LIMIT 1  [["id", "1"]]
  [1m[36mComment Load (0.5ms)[0m  [1mSELECT "comments".* FROM "comments" WHERE "comments"."article_id" = $1 AND "comments"."id" = $2 LIMIT 1[0m  [["article_id", 1], ["id", "2"]]
  [1m[35m (0.1ms)[0m  BEGIN
  [1m[36mSQL (0.3ms)[0m  [1mDELETE FROM "comments" WHERE "comments"."id" = $1[0m  [["id", 2]]
  [1m[35m (0.9ms)[0m  COMMIT
method=POST path=/articles/1/comments/2 format=html controller=comments action=destroy status=302 duration=6.65 db=2.24 location=http://localhost:3000/articles/1
  [1m[36mArticle Load (0.4ms)[0m  [1mSELECT "articles".* FROM "articles" WHERE "articles"."id" = $1 LIMIT 1[0m  [["id", "1"]]
  [1m[35mComment Load (0.3ms)[0m  SELECT "comments".* FROM "comments" WHERE "comments"."article_id" = $1  [["article_id", 1]]
method=GET path=/articles/1 format=html controller=articles action=show status=200 duration=9.01 view=7.07 db=0.71
  [1m[36mArticle Load (0.4ms)[0m  [1mSELECT "articles".* FROM "articles" WHERE "articles"."id" = $1 LIMIT 1[0m  [["id", "1"]]
method=GET path=/articles/1/edit format=html controller=articles action=edit status=500 error='ActionView::Template::Error:First argument in form cannot contain nil or be empty' duration=7.51

ArgumentError - First argument in form cannot contain nil or be empty:
  actionpack (4.0.2) lib/action_view/helpers/form_helper.rb:424:in `form_for'
  app/views/articles/_form.html.erb:1:in `_app_views_articles__form_html_erb___1590803450904575796_70277202283580'
  actionpack (4.0.2) lib/action_view/template.rb:143:in `block in render'
  activesupport (4.0.2) lib/active_support/notifications.rb:161:in `instrument'
  actionpack (4.0.2) lib/action_view/template.rb:141:in `render'
  actionpack (4.0.2) lib/action_view/renderer/partial_renderer.rb:306:in `render_partial'
  actionpack (4.0.2) lib/action_view/renderer/partial_renderer.rb:279:in `block in render'
  actionpack (4.0.2) lib/action_view/renderer/abstract_renderer.rb:38:in `block in instrument'
  activesupport (4.0.2) lib/active_support/notifications.rb:161:in `instrument'
  actionpack (4.0.2) lib/action_view/renderer/abstract_renderer.rb:38:in `instrument'
  actionpack (4.0.2) lib/action_view/renderer/partial_renderer.rb:278:in `render'
  actionpack (4.0.2) lib/action_view/renderer/renderer.rb:47:in `render_partial'
  actionpack (4.0.2) lib/action_view/helpers/rendering_helper.rb:27:in `render'
  app/views/articles/edit.html.erb:3:in `_app_views_articles_edit_html_erb__3244713701144253068_70277183356560'
  actionpack (4.0.2) lib/action_view/template.rb:143:in `block in render'
  activesupport (4.0.2) lib/active_support/notifications.rb:161:in `instrument'
  actionpack (4.0.2) lib/action_view/template.rb:141:in `render'
  actionpack (4.0.2) lib/action_view/renderer/template_renderer.rb:49:in `block (2 levels) in render_template'
  actionpack (4.0.2) lib/action_view/renderer/abstract_renderer.rb:38:in `block in instrument'
  activesupport (4.0.2) lib/active_support/notifications.rb:161:in `instrument'
  actionpack (4.0.2) lib/action_view/renderer/abstract_renderer.rb:38:in `instrument'
  actionpack (4.0.2) lib/action_view/renderer/template_renderer.rb:48:in `block in render_template'
  actionpack (4.0.2) lib/action_view/renderer/template_renderer.rb:56:in `render_with_layout'
  actionpack (4.0.2) lib/action_view/renderer/template_renderer.rb:47:in `render_template'
  actionpack (4.0.2) lib/action_view/renderer/template_renderer.rb:17:in `render'
  actionpack (4.0.2) lib/action_view/renderer/renderer.rb:42:in `render_template'
  actionpack (4.0.2) lib/action_view/renderer/renderer.rb:23:in `render'
  actionpack (4.0.2) lib/abstract_controller/rendering.rb:127:in `_render_template'
  actionpack (4.0.2) lib/action_controller/metal/streaming.rb:219:in `_render_template'
  actionpack (4.0.2) lib/abstract_controller/rendering.rb:120:in `render_to_body'
  actionpack (4.0.2) lib/action_controller/metal/rendering.rb:33:in `render_to_body'
  actionpack (4.0.2) lib/action_controller/metal/renderers.rb:26:in `render_to_body'
  actionpack (4.0.2) lib/abstract_controller/rendering.rb:97:in `render'
  actionpack (4.0.2) lib/action_controller/metal/rendering.rb:16:in `render'
  actionpack (4.0.2) lib/action_controller/metal/instrumentation.rb:41:in `block (2 levels) in render'
  activesupport (4.0.2) lib/active_support/core_ext/benchmark.rb:12:in `block in ms'
  /Users/jholly/.rvm/rubies/ruby-2.1.5/lib/ruby/2.1.0/benchmark.rb:294:in `realtime'
  activesupport (4.0.2) lib/active_support/core_ext/benchmark.rb:12:in `ms'
  actionpack (4.0.2) lib/action_controller/metal/instrumentation.rb:41:in `block in render'
  actionpack (4.0.2) lib/action_controller/metal/instrumentation.rb:84:in `cleanup_view_runtime'
  activerecord (4.0.2) lib/active_record/railties/controller_runtime.rb:25:in `cleanup_view_runtime'
  actionpack (4.0.2) lib/action_controller/metal/instrumentation.rb:40:in `render'
  actionpack (4.0.2) lib/action_controller/metal/implicit_render.rb:10:in `default_render'
  actionpack (4.0.2) lib/action_controller/metal/implicit_render.rb:5:in `send_action'
  actionpack (4.0.2) lib/abstract_controller/base.rb:189:in `process_action'
  actionpack (4.0.2) lib/action_controller/metal/rendering.rb:10:in `process_action'
  actionpack (4.0.2) lib/abstract_controller/callbacks.rb:18:in `block in process_action'
  activesupport (4.0.2) lib/active_support/callbacks.rb:393:in `_run__1119339234316750478__process_action__callbacks'
  activesupport (4.0.2) lib/active_support/callbacks.rb:80:in `run_callbacks'
  actionpack (4.0.2) lib/abstract_controller/callbacks.rb:17:in `process_action'
  actionpack (4.0.2) lib/action_controller/metal/rescue.rb:29:in `process_action'
  actionpack (4.0.2) lib/action_controller/metal/instrumentation.rb:31:in `block in process_action'
  activesupport (4.0.2) lib/active_support/notifications.rb:159:in `block in instrument'
  activesupport (4.0.2) lib/active_support/notifications/instrumenter.rb:20:in `instrument'
  activesupport (4.0.2) lib/active_support/notifications.rb:159:in `instrument'
  actionpack (4.0.2) lib/action_controller/metal/instrumentation.rb:30:in `process_action'
  actionpack (4.0.2) lib/action_controller/metal/params_wrapper.rb:245:in `process_action'
  activerecord (4.0.2) lib/active_record/railties/controller_runtime.rb:18:in `process_action'
  actionpack (4.0.2) lib/abstract_controller/base.rb:136:in `process'
  actionpack (4.0.2) lib/abstract_controller/rendering.rb:44:in `process'
  actionpack (4.0.2) lib/action_controller/metal.rb:195:in `dispatch'
  actionpack (4.0.2) lib/action_controller/metal/rack_delegation.rb:13:in `dispatch'
  actionpack (4.0.2) lib/action_controller/metal.rb:231:in `block in action'
  actionpack (4.0.2) lib/action_dispatch/routing/route_set.rb:80:in `dispatch'
  actionpack (4.0.2) lib/action_dispatch/routing/route_set.rb:48:in `call'
  actionpack (4.0.2) lib/action_dispatch/journey/router.rb:71:in `block in call'
  actionpack (4.0.2) lib/action_dispatch/journey/router.rb:59:in `call'
  actionpack (4.0.2) lib/action_dispatch/routing/route_set.rb:680:in `call'
  rack (1.5.2) lib/rack/etag.rb:23:in `call'
  rack (1.5.2) lib/rack/conditionalget.rb:25:in `call'
  rack (1.5.2) lib/rack/head.rb:11:in `call'
  actionpack (4.0.2) lib/action_dispatch/middleware/params_parser.rb:27:in `call'
  actionpack (4.0.2) lib/action_dispatch/middleware/flash.rb:241:in `call'
  rack (1.5.2) lib/rack/session/abstract/id.rb:225:in `context'
  rack (1.5.2) lib/rack/session/abstract/id.rb:220:in `call'
  actionpack (4.0.2) lib/action_dispatch/middleware/cookies.rb:486:in `call'
  activerecord (4.0.2) lib/active_record/query_cache.rb:36:in `call'
  activerecord (4.0.2) lib/active_record/connection_adapters/abstract/connection_pool.rb:626:in `call'
  actionpack (4.0.2) lib/action_dispatch/middleware/callbacks.rb:29:in `block in call'
  activesupport (4.0.2) lib/active_support/callbacks.rb:373:in `_run__4147124238633593608__call__callbacks'
  activesupport (4.0.2) lib/active_support/callbacks.rb:80:in `run_callbacks'
  actionpack (4.0.2) lib/action_dispatch/middleware/callbacks.rb:27:in `call'
  actionpack (4.0.2) lib/action_dispatch/middleware/reloader.rb:64:in `call'
  actionpack (4.0.2) lib/action_dispatch/middleware/remote_ip.rb:76:in `call'
  better_errors (1.1.0) lib/better_errors/middleware.rb:84:in `protected_app_call'
  better_errors (1.1.0) lib/better_errors/middleware.rb:79:in `better_errors_call'
  better_errors (1.1.0) lib/better_errors/middleware.rb:56:in `call'
  actionpack (4.0.2) lib/action_dispatch/middleware/debug_exceptions.rb:17:in `call'
  actionpack (4.0.2) lib/action_dispatch/middleware/show_exceptions.rb:30:in `call'
  lograge (0.2.2) lib/lograge/rails_ext/rack/logger.rb:15:in `call_app'
  railties (4.0.2) lib/rails/rack/logger.rb:20:in `block in call'
  activesupport (4.0.2) lib/active_support/tagged_logging.rb:67:in `block in tagged'
  activesupport (4.0.2) lib/active_support/tagged_logging.rb:25:in `tagged'
  activesupport (4.0.2) lib/active_support/tagged_logging.rb:67:in `tagged'
  railties (4.0.2) lib/rails/rack/logger.rb:20:in `call'
  actionpack (4.0.2) lib/action_dispatch/middleware/request_id.rb:21:in `call'
  rack (1.5.2) lib/rack/methodoverride.rb:21:in `call'
  rack (1.5.2) lib/rack/runtime.rb:17:in `call'
  activesupport (4.0.2) lib/active_support/cache/strategy/local_cache.rb:83:in `call'
  rack (1.5.2) lib/rack/lock.rb:17:in `call'
  actionpack (4.0.2) lib/action_dispatch/middleware/static.rb:64:in `call'
  rack (1.5.2) lib/rack/sendfile.rb:112:in `call'
  railties (4.0.2) lib/rails/engine.rb:511:in `call'
  railties (4.0.2) lib/rails/application.rb:97:in `call'
  rack (1.5.2) lib/rack/lock.rb:17:in `call'
  rack (1.5.2) lib/rack/content_length.rb:14:in `call'
  rack (1.5.2) lib/rack/handler/webrick.rb:60:in `service'
  /Users/jholly/.rvm/rubies/ruby-2.1.5/lib/ruby/2.1.0/webrick/httpserver.rb:138:in `service'
  /Users/jholly/.rvm/rubies/ruby-2.1.5/lib/ruby/2.1.0/webrick/httpserver.rb:94:in `run'
  /Users/jholly/.rvm/rubies/ruby-2.1.5/lib/ruby/2.1.0/webrick/server.rb:295:in `block in start_thread'

  [1m[35mArticle Load (0.4ms)[0m  SELECT "articles".* FROM "articles" WHERE "articles"."id" = $1 LIMIT 1  [["id", "1"]]
  [1m[36m (0.2ms)[0m  [1mBEGIN[0m
  [1m[35mSQL (0.5ms)[0m  INSERT INTO "comments" ("article_id", "body", "commenter", "created_at", "updated_at") VALUES ($1, $2, $3, $4, $5) RETURNING "id"  [["article_id", 1], ["body", "hey"], ["commenter", "jordan"], ["created_at", Tue, 02 Jun 2015 13:39:10 UTC +00:00], ["updated_at", Tue, 02 Jun 2015 13:39:10 UTC +00:00]]
  [1m[36m (5.8ms)[0m  [1mCOMMIT[0m
method=POST path=/articles/1/comments format=html controller=comments action=create status=302 duration=12.24 db=6.96 location=http://localhost:3000/articles/1
  [1m[35mArticle Load (0.3ms)[0m  SELECT "articles".* FROM "articles" WHERE "articles"."id" = $1 LIMIT 1  [["id", "1"]]
  [1m[36mComment Load (0.4ms)[0m  [1mSELECT "comments".* FROM "comments" WHERE "comments"."article_id" = $1[0m  [["article_id", 1]]
  [1m[35mArticle Load (0.3ms)[0m  SELECT "articles".* FROM "articles" WHERE "articles"."id" = $1 ORDER BY "articles"."id" ASC LIMIT 1  [["id", 1]]
method=GET path=/articles/1 format=html controller=articles action=show status=200 duration=11.80 view=9.86 db=0.98
  [1m[36mArticle Load (0.4ms)[0m  [1mSELECT "articles".* FROM "articles" WHERE "articles"."id" = $1 LIMIT 1[0m  [["id", "1"]]
method=GET path=/articles/1/edit format=html controller=articles action=edit status=500 error='ActionView::Template::Error:First argument in form cannot contain nil or be empty' duration=4.62

ArgumentError - First argument in form cannot contain nil or be empty:
  actionpack (4.0.2) lib/action_view/helpers/form_helper.rb:424:in `form_for'
  app/views/articles/_form.html.erb:1:in `_app_views_articles__form_html_erb___1590803450904575796_70277202283580'
  actionpack (4.0.2) lib/action_view/template.rb:143:in `block in render'
  activesupport (4.0.2) lib/active_support/notifications.rb:161:in `instrument'
  actionpack (4.0.2) lib/action_view/template.rb:141:in `render'
  actionpack (4.0.2) lib/action_view/renderer/partial_renderer.rb:306:in `render_partial'
  actionpack (4.0.2) lib/action_view/renderer/partial_renderer.rb:279:in `block in render'
  actionpack (4.0.2) lib/action_view/renderer/abstract_renderer.rb:38:in `block in instrument'
  activesupport (4.0.2) lib/active_support/notifications.rb:161:in `instrument'
  actionpack (4.0.2) lib/action_view/renderer/abstract_renderer.rb:38:in `instrument'
  actionpack (4.0.2) lib/action_view/renderer/partial_renderer.rb:278:in `render'
  actionpack (4.0.2) lib/action_view/renderer/renderer.rb:47:in `render_partial'
  actionpack (4.0.2) lib/action_view/helpers/rendering_helper.rb:27:in `render'
  app/views/articles/edit.html.erb:3:in `_app_views_articles_edit_html_erb__3244713701144253068_70277183356560'
  actionpack (4.0.2) lib/action_view/template.rb:143:in `block in render'
  activesupport (4.0.2) lib/active_support/notifications.rb:161:in `instrument'
  actionpack (4.0.2) lib/action_view/template.rb:141:in `render'
  actionpack (4.0.2) lib/action_view/renderer/template_renderer.rb:49:in `block (2 levels) in render_template'
  actionpack (4.0.2) lib/action_view/renderer/abstract_renderer.rb:38:in `block in instrument'
  activesupport (4.0.2) lib/active_support/notifications.rb:161:in `instrument'
  actionpack (4.0.2) lib/action_view/renderer/abstract_renderer.rb:38:in `instrument'
  actionpack (4.0.2) lib/action_view/renderer/template_renderer.rb:48:in `block in render_template'
  actionpack (4.0.2) lib/action_view/renderer/template_renderer.rb:56:in `render_with_layout'
  actionpack (4.0.2) lib/action_view/renderer/template_renderer.rb:47:in `render_template'
  actionpack (4.0.2) lib/action_view/renderer/template_renderer.rb:17:in `render'
  actionpack (4.0.2) lib/action_view/renderer/renderer.rb:42:in `render_template'
  actionpack (4.0.2) lib/action_view/renderer/renderer.rb:23:in `render'
  actionpack (4.0.2) lib/abstract_controller/rendering.rb:127:in `_render_template'
  actionpack (4.0.2) lib/action_controller/metal/streaming.rb:219:in `_render_template'
  actionpack (4.0.2) lib/abstract_controller/rendering.rb:120:in `render_to_body'
  actionpack (4.0.2) lib/action_controller/metal/rendering.rb:33:in `render_to_body'
  actionpack (4.0.2) lib/action_controller/metal/renderers.rb:26:in `render_to_body'
  actionpack (4.0.2) lib/abstract_controller/rendering.rb:97:in `render'
  actionpack (4.0.2) lib/action_controller/metal/rendering.rb:16:in `render'
  actionpack (4.0.2) lib/action_controller/metal/instrumentation.rb:41:in `block (2 levels) in render'
  activesupport (4.0.2) lib/active_support/core_ext/benchmark.rb:12:in `block in ms'
  /Users/jholly/.rvm/rubies/ruby-2.1.5/lib/ruby/2.1.0/benchmark.rb:294:in `realtime'
  activesupport (4.0.2) lib/active_support/core_ext/benchmark.rb:12:in `ms'
  actionpack (4.0.2) lib/action_controller/metal/instrumentation.rb:41:in `block in render'
  actionpack (4.0.2) lib/action_controller/metal/instrumentation.rb:84:in `cleanup_view_runtime'
  activerecord (4.0.2) lib/active_record/railties/controller_runtime.rb:25:in `cleanup_view_runtime'
  actionpack (4.0.2) lib/action_controller/metal/instrumentation.rb:40:in `render'
  actionpack (4.0.2) lib/action_controller/metal/implicit_render.rb:10:in `default_render'
  actionpack (4.0.2) lib/action_controller/metal/implicit_render.rb:5:in `send_action'
  actionpack (4.0.2) lib/abstract_controller/base.rb:189:in `process_action'
  actionpack (4.0.2) lib/action_controller/metal/rendering.rb:10:in `process_action'
  actionpack (4.0.2) lib/abstract_controller/callbacks.rb:18:in `block in process_action'
  activesupport (4.0.2) lib/active_support/callbacks.rb:393:in `_run__1119339234316750478__process_action__callbacks'
  activesupport (4.0.2) lib/active_support/callbacks.rb:80:in `run_callbacks'
  actionpack (4.0.2) lib/abstract_controller/callbacks.rb:17:in `process_action'
  actionpack (4.0.2) lib/action_controller/metal/rescue.rb:29:in `process_action'
  actionpack (4.0.2) lib/action_controller/metal/instrumentation.rb:31:in `block in process_action'
  activesupport (4.0.2) lib/active_support/notifications.rb:159:in `block in instrument'
  activesupport (4.0.2) lib/active_support/notifications/instrumenter.rb:20:in `instrument'
  activesupport (4.0.2) lib/active_support/notifications.rb:159:in `instrument'
  actionpack (4.0.2) lib/action_controller/metal/instrumentation.rb:30:in `process_action'
  actionpack (4.0.2) lib/action_controller/metal/params_wrapper.rb:245:in `process_action'
  activerecord (4.0.2) lib/active_record/railties/controller_runtime.rb:18:in `process_action'
  actionpack (4.0.2) lib/abstract_controller/base.rb:136:in `process'
  actionpack (4.0.2) lib/abstract_controller/rendering.rb:44:in `process'
  actionpack (4.0.2) lib/action_controller/metal.rb:195:in `dispatch'
  actionpack (4.0.2) lib/action_controller/metal/rack_delegation.rb:13:in `dispatch'
  actionpack (4.0.2) lib/action_controller/metal.rb:231:in `block in action'
  actionpack (4.0.2) lib/action_dispatch/routing/route_set.rb:80:in `dispatch'
  actionpack (4.0.2) lib/action_dispatch/routing/route_set.rb:48:in `call'
  actionpack (4.0.2) lib/action_dispatch/journey/router.rb:71:in `block in call'
  actionpack (4.0.2) lib/action_dispatch/journey/router.rb:59:in `call'
  actionpack (4.0.2) lib/action_dispatch/routing/route_set.rb:680:in `call'
  rack (1.5.2) lib/rack/etag.rb:23:in `call'
  rack (1.5.2) lib/rack/conditionalget.rb:25:in `call'
  rack (1.5.2) lib/rack/head.rb:11:in `call'
  actionpack (4.0.2) lib/action_dispatch/middleware/params_parser.rb:27:in `call'
  actionpack (4.0.2) lib/action_dispatch/middleware/flash.rb:241:in `call'
  rack (1.5.2) lib/rack/session/abstract/id.rb:225:in `context'
  rack (1.5.2) lib/rack/session/abstract/id.rb:220:in `call'
  actionpack (4.0.2) lib/action_dispatch/middleware/cookies.rb:486:in `call'
  activerecord (4.0.2) lib/active_record/query_cache.rb:36:in `call'
  activerecord (4.0.2) lib/active_record/connection_adapters/abstract/connection_pool.rb:626:in `call'
  actionpack (4.0.2) lib/action_dispatch/middleware/callbacks.rb:29:in `block in call'
  activesupport (4.0.2) lib/active_support/callbacks.rb:373:in `_run__4147124238633593608__call__callbacks'
  activesupport (4.0.2) lib/active_support/callbacks.rb:80:in `run_callbacks'
  actionpack (4.0.2) lib/action_dispatch/middleware/callbacks.rb:27:in `call'
  actionpack (4.0.2) lib/action_dispatch/middleware/reloader.rb:64:in `call'
  actionpack (4.0.2) lib/action_dispatch/middleware/remote_ip.rb:76:in `call'
  better_errors (1.1.0) lib/better_errors/middleware.rb:84:in `protected_app_call'
  better_errors (1.1.0) lib/better_errors/middleware.rb:79:in `better_errors_call'
  better_errors (1.1.0) lib/better_errors/middleware.rb:56:in `call'
  actionpack (4.0.2) lib/action_dispatch/middleware/debug_exceptions.rb:17:in `call'
  actionpack (4.0.2) lib/action_dispatch/middleware/show_exceptions.rb:30:in `call'
  lograge (0.2.2) lib/lograge/rails_ext/rack/logger.rb:15:in `call_app'
  railties (4.0.2) lib/rails/rack/logger.rb:20:in `block in call'
  activesupport (4.0.2) lib/active_support/tagged_logging.rb:67:in `block in tagged'
  activesupport (4.0.2) lib/active_support/tagged_logging.rb:25:in `tagged'
  activesupport (4.0.2) lib/active_support/tagged_logging.rb:67:in `tagged'
  railties (4.0.2) lib/rails/rack/logger.rb:20:in `call'
  actionpack (4.0.2) lib/action_dispatch/middleware/request_id.rb:21:in `call'
  rack (1.5.2) lib/rack/methodoverride.rb:21:in `call'
  rack (1.5.2) lib/rack/runtime.rb:17:in `call'
  activesupport (4.0.2) lib/active_support/cache/strategy/local_cache.rb:83:in `call'
  rack (1.5.2) lib/rack/lock.rb:17:in `call'
  actionpack (4.0.2) lib/action_dispatch/middleware/static.rb:64:in `call'
  rack (1.5.2) lib/rack/sendfile.rb:112:in `call'
  railties (4.0.2) lib/rails/engine.rb:511:in `call'
  railties (4.0.2) lib/rails/application.rb:97:in `call'
  rack (1.5.2) lib/rack/lock.rb:17:in `call'
  rack (1.5.2) lib/rack/content_length.rb:14:in `call'
  rack (1.5.2) lib/rack/handler/webrick.rb:60:in `service'
  /Users/jholly/.rvm/rubies/ruby-2.1.5/lib/ruby/2.1.0/webrick/httpserver.rb:138:in `service'
  /Users/jholly/.rvm/rubies/ruby-2.1.5/lib/ruby/2.1.0/webrick/httpserver.rb:94:in `run'
  /Users/jholly/.rvm/rubies/ruby-2.1.5/lib/ruby/2.1.0/webrick/server.rb:295:in `block in start_thread'

  [1m[35mArticle Load (0.5ms)[0m  SELECT "articles".* FROM "articles" WHERE "articles"."id" = $1 LIMIT 1  [["id", "1"]]
  [1m[36mComment Load (0.5ms)[0m  [1mSELECT "comments".* FROM "comments" WHERE "comments"."article_id" = $1 AND "comments"."id" = $2 LIMIT 1[0m  [["article_id", 1], ["id", "3"]]
  [1m[35m (0.1ms)[0m  BEGIN
  [1m[36mSQL (0.4ms)[0m  [1mDELETE FROM "comments" WHERE "comments"."id" = $1[0m  [["id", 3]]
  [1m[35m (0.8ms)[0m  COMMIT
method=POST path=/articles/1/comments/3 format=html controller=comments action=destroy status=302 duration=6.64 db=2.26 location=http://localhost:3000/articles/1
  [1m[36mArticle Load (0.4ms)[0m  [1mSELECT "articles".* FROM "articles" WHERE "articles"."id" = $1 LIMIT 1[0m  [["id", "1"]]
  [1m[35mComment Load (0.3ms)[0m  SELECT "comments".* FROM "comments" WHERE "comments"."article_id" = $1  [["article_id", 1]]
method=GET path=/articles/1 format=html controller=articles action=show status=200 duration=14.01 view=12.11 db=0.72
  [1m[36mArticle Load (0.6ms)[0m  [1mSELECT "articles".* FROM "articles"[0m
method=GET path=/articles format=html controller=articles action=index status=200 duration=6.71 view=5.89 db=0.58
method=GET path=/articles/new format=html controller=articles action=new status=200 duration=7.83 view=7.37 db=0.00
  [1m[35m (0.2ms)[0m  BEGIN
  [1m[36mSQL (0.7ms)[0m  [1mINSERT INTO "articles" ("created_at", "text", "title", "updated_at") VALUES ($1, $2, $3, $4) RETURNING "id"[0m  [["created_at", Tue, 02 Jun 2015 13:39:39 UTC +00:00], ["text", "hey"], ["title", "jdkfjkjfdk"], ["updated_at", Tue, 02 Jun 2015 13:39:39 UTC +00:00]]
  [1m[35m (6.1ms)[0m  COMMIT
method=POST path=/articles format=html controller=articles action=create status=302 duration=11.75 db=6.95 location=http://localhost:3000/articles/2
  [1m[36mArticle Load (0.3ms)[0m  [1mSELECT "articles".* FROM "articles" WHERE "articles"."id" = $1 LIMIT 1[0m  [["id", "2"]]
  [1m[35mComment Load (0.3ms)[0m  SELECT "comments".* FROM "comments" WHERE "comments"."article_id" = $1  [["article_id", 2]]
method=GET path=/articles/2 format=html controller=articles action=show status=200 duration=9.76 view=8.13 db=0.60
  [1m[36mArticle Load (0.5ms)[0m  [1mSELECT "articles".* FROM "articles" WHERE "articles"."id" = $1 LIMIT 1[0m  [["id", "2"]]
method=GET path=/articles/2/edit format=html controller=articles action=edit status=500 error='ActionView::Template::Error:First argument in form cannot contain nil or be empty' duration=5.46

ArgumentError - First argument in form cannot contain nil or be empty:
  actionpack (4.0.2) lib/action_view/helpers/form_helper.rb:424:in `form_for'
  app/views/articles/_form.html.erb:1:in `_app_views_articles__form_html_erb___1590803450904575796_70277202283580'
  actionpack (4.0.2) lib/action_view/template.rb:143:in `block in render'
  activesupport (4.0.2) lib/active_support/notifications.rb:161:in `instrument'
  actionpack (4.0.2) lib/action_view/template.rb:141:in `render'
  actionpack (4.0.2) lib/action_view/renderer/partial_renderer.rb:306:in `render_partial'
  actionpack (4.0.2) lib/action_view/renderer/partial_renderer.rb:279:in `block in render'
  actionpack (4.0.2) lib/action_view/renderer/abstract_renderer.rb:38:in `block in instrument'
  activesupport (4.0.2) lib/active_support/notifications.rb:161:in `instrument'
  actionpack (4.0.2) lib/action_view/renderer/abstract_renderer.rb:38:in `instrument'
  actionpack (4.0.2) lib/action_view/renderer/partial_renderer.rb:278:in `render'
  actionpack (4.0.2) lib/action_view/renderer/renderer.rb:47:in `render_partial'
  actionpack (4.0.2) lib/action_view/helpers/rendering_helper.rb:27:in `render'
  app/views/articles/edit.html.erb:3:in `_app_views_articles_edit_html_erb__3244713701144253068_70277183356560'
  actionpack (4.0.2) lib/action_view/template.rb:143:in `block in render'
  activesupport (4.0.2) lib/active_support/notifications.rb:161:in `instrument'
  actionpack (4.0.2) lib/action_view/template.rb:141:in `render'
  actionpack (4.0.2) lib/action_view/renderer/template_renderer.rb:49:in `block (2 levels) in render_template'
  actionpack (4.0.2) lib/action_view/renderer/abstract_renderer.rb:38:in `block in instrument'
  activesupport (4.0.2) lib/active_support/notifications.rb:161:in `instrument'
  actionpack (4.0.2) lib/action_view/renderer/abstract_renderer.rb:38:in `instrument'
  actionpack (4.0.2) lib/action_view/renderer/template_renderer.rb:48:in `block in render_template'
  actionpack (4.0.2) lib/action_view/renderer/template_renderer.rb:56:in `render_with_layout'
  actionpack (4.0.2) lib/action_view/renderer/template_renderer.rb:47:in `render_template'
  actionpack (4.0.2) lib/action_view/renderer/template_renderer.rb:17:in `render'
  actionpack (4.0.2) lib/action_view/renderer/renderer.rb:42:in `render_template'
  actionpack (4.0.2) lib/action_view/renderer/renderer.rb:23:in `render'
  actionpack (4.0.2) lib/abstract_controller/rendering.rb:127:in `_render_template'
  actionpack (4.0.2) lib/action_controller/metal/streaming.rb:219:in `_render_template'
  actionpack (4.0.2) lib/abstract_controller/rendering.rb:120:in `render_to_body'
  actionpack (4.0.2) lib/action_controller/metal/rendering.rb:33:in `render_to_body'
  actionpack (4.0.2) lib/action_controller/metal/renderers.rb:26:in `render_to_body'
  actionpack (4.0.2) lib/abstract_controller/rendering.rb:97:in `render'
  actionpack (4.0.2) lib/action_controller/metal/rendering.rb:16:in `render'
  actionpack (4.0.2) lib/action_controller/metal/instrumentation.rb:41:in `block (2 levels) in render'
  activesupport (4.0.2) lib/active_support/core_ext/benchmark.rb:12:in `block in ms'
  /Users/jholly/.rvm/rubies/ruby-2.1.5/lib/ruby/2.1.0/benchmark.rb:294:in `realtime'
  activesupport (4.0.2) lib/active_support/core_ext/benchmark.rb:12:in `ms'
  actionpack (4.0.2) lib/action_controller/metal/instrumentation.rb:41:in `block in render'
  actionpack (4.0.2) lib/action_controller/metal/instrumentation.rb:84:in `cleanup_view_runtime'
  activerecord (4.0.2) lib/active_record/railties/controller_runtime.rb:25:in `cleanup_view_runtime'
  actionpack (4.0.2) lib/action_controller/metal/instrumentation.rb:40:in `render'
  actionpack (4.0.2) lib/action_controller/metal/implicit_render.rb:10:in `default_render'
  actionpack (4.0.2) lib/action_controller/metal/implicit_render.rb:5:in `send_action'
  actionpack (4.0.2) lib/abstract_controller/base.rb:189:in `process_action'
  actionpack (4.0.2) lib/action_controller/metal/rendering.rb:10:in `process_action'
  actionpack (4.0.2) lib/abstract_controller/callbacks.rb:18:in `block in process_action'
  activesupport (4.0.2) lib/active_support/callbacks.rb:393:in `_run__1119339234316750478__process_action__callbacks'
  activesupport (4.0.2) lib/active_support/callbacks.rb:80:in `run_callbacks'
  actionpack (4.0.2) lib/abstract_controller/callbacks.rb:17:in `process_action'
  actionpack (4.0.2) lib/action_controller/metal/rescue.rb:29:in `process_action'
  actionpack (4.0.2) lib/action_controller/metal/instrumentation.rb:31:in `block in process_action'
  activesupport (4.0.2) lib/active_support/notifications.rb:159:in `block in instrument'
  activesupport (4.0.2) lib/active_support/notifications/instrumenter.rb:20:in `instrument'
  activesupport (4.0.2) lib/active_support/notifications.rb:159:in `instrument'
  actionpack (4.0.2) lib/action_controller/metal/instrumentation.rb:30:in `process_action'
  actionpack (4.0.2) lib/action_controller/metal/params_wrapper.rb:245:in `process_action'
  activerecord (4.0.2) lib/active_record/railties/controller_runtime.rb:18:in `process_action'
  actionpack (4.0.2) lib/abstract_controller/base.rb:136:in `process'
  actionpack (4.0.2) lib/abstract_controller/rendering.rb:44:in `process'
  actionpack (4.0.2) lib/action_controller/metal.rb:195:in `dispatch'
  actionpack (4.0.2) lib/action_controller/metal/rack_delegation.rb:13:in `dispatch'
  actionpack (4.0.2) lib/action_controller/metal.rb:231:in `block in action'
  actionpack (4.0.2) lib/action_dispatch/routing/route_set.rb:80:in `dispatch'
  actionpack (4.0.2) lib/action_dispatch/routing/route_set.rb:48:in `call'
  actionpack (4.0.2) lib/action_dispatch/journey/router.rb:71:in `block in call'
  actionpack (4.0.2) lib/action_dispatch/journey/router.rb:59:in `call'
  actionpack (4.0.2) lib/action_dispatch/routing/route_set.rb:680:in `call'
  rack (1.5.2) lib/rack/etag.rb:23:in `call'
  rack (1.5.2) lib/rack/conditionalget.rb:25:in `call'
  rack (1.5.2) lib/rack/head.rb:11:in `call'
  actionpack (4.0.2) lib/action_dispatch/middleware/params_parser.rb:27:in `call'
  actionpack (4.0.2) lib/action_dispatch/middleware/flash.rb:241:in `call'
  rack (1.5.2) lib/rack/session/abstract/id.rb:225:in `context'
  rack (1.5.2) lib/rack/session/abstract/id.rb:220:in `call'
  actionpack (4.0.2) lib/action_dispatch/middleware/cookies.rb:486:in `call'
  activerecord (4.0.2) lib/active_record/query_cache.rb:36:in `call'
  activerecord (4.0.2) lib/active_record/connection_adapters/abstract/connection_pool.rb:626:in `call'
  actionpack (4.0.2) lib/action_dispatch/middleware/callbacks.rb:29:in `block in call'
  activesupport (4.0.2) lib/active_support/callbacks.rb:373:in `_run__4147124238633593608__call__callbacks'
  activesupport (4.0.2) lib/active_support/callbacks.rb:80:in `run_callbacks'
  actionpack (4.0.2) lib/action_dispatch/middleware/callbacks.rb:27:in `call'
  actionpack (4.0.2) lib/action_dispatch/middleware/reloader.rb:64:in `call'
  actionpack (4.0.2) lib/action_dispatch/middleware/remote_ip.rb:76:in `call'
  better_errors (1.1.0) lib/better_errors/middleware.rb:84:in `protected_app_call'
  better_errors (1.1.0) lib/better_errors/middleware.rb:79:in `better_errors_call'
  better_errors (1.1.0) lib/better_errors/middleware.rb:56:in `call'
  actionpack (4.0.2) lib/action_dispatch/middleware/debug_exceptions.rb:17:in `call'
  actionpack (4.0.2) lib/action_dispatch/middleware/show_exceptions.rb:30:in `call'
  lograge (0.2.2) lib/lograge/rails_ext/rack/logger.rb:15:in `call_app'
  railties (4.0.2) lib/rails/rack/logger.rb:20:in `block in call'
  activesupport (4.0.2) lib/active_support/tagged_logging.rb:67:in `block in tagged'
  activesupport (4.0.2) lib/active_support/tagged_logging.rb:25:in `tagged'
  activesupport (4.0.2) lib/active_support/tagged_logging.rb:67:in `tagged'
  railties (4.0.2) lib/rails/rack/logger.rb:20:in `call'
  actionpack (4.0.2) lib/action_dispatch/middleware/request_id.rb:21:in `call'
  rack (1.5.2) lib/rack/methodoverride.rb:21:in `call'
  rack (1.5.2) lib/rack/runtime.rb:17:in `call'
  activesupport (4.0.2) lib/active_support/cache/strategy/local_cache.rb:83:in `call'
  rack (1.5.2) lib/rack/lock.rb:17:in `call'
  actionpack (4.0.2) lib/action_dispatch/middleware/static.rb:64:in `call'
  rack (1.5.2) lib/rack/sendfile.rb:112:in `call'
  railties (4.0.2) lib/rails/engine.rb:511:in `call'
  railties (4.0.2) lib/rails/application.rb:97:in `call'
  rack (1.5.2) lib/rack/lock.rb:17:in `call'
  rack (1.5.2) lib/rack/content_length.rb:14:in `call'
  rack (1.5.2) lib/rack/handler/webrick.rb:60:in `service'
  /Users/jholly/.rvm/rubies/ruby-2.1.5/lib/ruby/2.1.0/webrick/httpserver.rb:138:in `service'
  /Users/jholly/.rvm/rubies/ruby-2.1.5/lib/ruby/2.1.0/webrick/httpserver.rb:94:in `run'
  /Users/jholly/.rvm/rubies/ruby-2.1.5/lib/ruby/2.1.0/webrick/server.rb:295:in `block in start_thread'

method=GET path=/ format=html controller=welcome action=index status=200 duration=5.66 view=5.22 db=0.00
  [1m[35mArticle Load (0.5ms)[0m  SELECT "articles".* FROM "articles"
method=GET path=/articles format=html controller=articles action=index status=200 duration=7.36 view=6.43 db=0.52
  [1m[36mArticle Load (0.4ms)[0m  [1mSELECT "articles".* FROM "articles" WHERE "articles"."id" = $1 LIMIT 1[0m  [["id", "1"]]
  [1m[35mComment Load (0.3ms)[0m  SELECT "comments".* FROM "comments" WHERE "comments"."article_id" = $1  [["article_id", 1]]
method=GET path=/articles/1 format=html controller=articles action=show status=200 duration=10.46 view=8.54 db=0.69
  [1m[36mArticle Load (0.4ms)[0m  [1mSELECT "articles".* FROM "articles" WHERE "articles"."id" = $1 LIMIT 1[0m  [["id", "1"]]
method=GET path=/articles/1/edit format=html controller=articles action=edit status=500 error='ActionView::Template::Error:First argument in form cannot contain nil or be empty' duration=4.78

ArgumentError - First argument in form cannot contain nil or be empty:
  actionpack (4.0.2) lib/action_view/helpers/form_helper.rb:424:in `form_for'
  app/views/articles/_form.html.erb:1:in `_app_views_articles__form_html_erb___1590803450904575796_70277202283580'
  actionpack (4.0.2) lib/action_view/template.rb:143:in `block in render'
  activesupport (4.0.2) lib/active_support/notifications.rb:161:in `instrument'
  actionpack (4.0.2) lib/action_view/template.rb:141:in `render'
  actionpack (4.0.2) lib/action_view/renderer/partial_renderer.rb:306:in `render_partial'
  actionpack (4.0.2) lib/action_view/renderer/partial_renderer.rb:279:in `block in render'
  actionpack (4.0.2) lib/action_view/renderer/abstract_renderer.rb:38:in `block in instrument'
  activesupport (4.0.2) lib/active_support/notifications.rb:161:in `instrument'
  actionpack (4.0.2) lib/action_view/renderer/abstract_renderer.rb:38:in `instrument'
  actionpack (4.0.2) lib/action_view/renderer/partial_renderer.rb:278:in `render'
  actionpack (4.0.2) lib/action_view/renderer/renderer.rb:47:in `render_partial'
  actionpack (4.0.2) lib/action_view/helpers/rendering_helper.rb:27:in `render'
  app/views/articles/edit.html.erb:3:in `_app_views_articles_edit_html_erb__3244713701144253068_70277183356560'
  actionpack (4.0.2) lib/action_view/template.rb:143:in `block in render'
  activesupport (4.0.2) lib/active_support/notifications.rb:161:in `instrument'
  actionpack (4.0.2) lib/action_view/template.rb:141:in `render'
  actionpack (4.0.2) lib/action_view/renderer/template_renderer.rb:49:in `block (2 levels) in render_template'
  actionpack (4.0.2) lib/action_view/renderer/abstract_renderer.rb:38:in `block in instrument'
  activesupport (4.0.2) lib/active_support/notifications.rb:161:in `instrument'
  actionpack (4.0.2) lib/action_view/renderer/abstract_renderer.rb:38:in `instrument'
  actionpack (4.0.2) lib/action_view/renderer/template_renderer.rb:48:in `block in render_template'
  actionpack (4.0.2) lib/action_view/renderer/template_renderer.rb:56:in `render_with_layout'
  actionpack (4.0.2) lib/action_view/renderer/template_renderer.rb:47:in `render_template'
  actionpack (4.0.2) lib/action_view/renderer/template_renderer.rb:17:in `render'
  actionpack (4.0.2) lib/action_view/renderer/renderer.rb:42:in `render_template'
  actionpack (4.0.2) lib/action_view/renderer/renderer.rb:23:in `render'
  actionpack (4.0.2) lib/abstract_controller/rendering.rb:127:in `_render_template'
  actionpack (4.0.2) lib/action_controller/metal/streaming.rb:219:in `_render_template'
  actionpack (4.0.2) lib/abstract_controller/rendering.rb:120:in `render_to_body'
  actionpack (4.0.2) lib/action_controller/metal/rendering.rb:33:in `render_to_body'
  actionpack (4.0.2) lib/action_controller/metal/renderers.rb:26:in `render_to_body'
  actionpack (4.0.2) lib/abstract_controller/rendering.rb:97:in `render'
  actionpack (4.0.2) lib/action_controller/metal/rendering.rb:16:in `render'
  actionpack (4.0.2) lib/action_controller/metal/instrumentation.rb:41:in `block (2 levels) in render'
  activesupport (4.0.2) lib/active_support/core_ext/benchmark.rb:12:in `block in ms'
  /Users/jholly/.rvm/rubies/ruby-2.1.5/lib/ruby/2.1.0/benchmark.rb:294:in `realtime'
  activesupport (4.0.2) lib/active_support/core_ext/benchmark.rb:12:in `ms'
  actionpack (4.0.2) lib/action_controller/metal/instrumentation.rb:41:in `block in render'
  actionpack (4.0.2) lib/action_controller/metal/instrumentation.rb:84:in `cleanup_view_runtime'
  activerecord (4.0.2) lib/active_record/railties/controller_runtime.rb:25:in `cleanup_view_runtime'
  actionpack (4.0.2) lib/action_controller/metal/instrumentation.rb:40:in `render'
  actionpack (4.0.2) lib/action_controller/metal/implicit_render.rb:10:in `default_render'
  actionpack (4.0.2) lib/action_controller/metal/implicit_render.rb:5:in `send_action'
  actionpack (4.0.2) lib/abstract_controller/base.rb:189:in `process_action'
  actionpack (4.0.2) lib/action_controller/metal/rendering.rb:10:in `process_action'
  actionpack (4.0.2) lib/abstract_controller/callbacks.rb:18:in `block in process_action'
  activesupport (4.0.2) lib/active_support/callbacks.rb:393:in `_run__1119339234316750478__process_action__callbacks'
  activesupport (4.0.2) lib/active_support/callbacks.rb:80:in `run_callbacks'
  actionpack (4.0.2) lib/abstract_controller/callbacks.rb:17:in `process_action'
  actionpack (4.0.2) lib/action_controller/metal/rescue.rb:29:in `process_action'
  actionpack (4.0.2) lib/action_controller/metal/instrumentation.rb:31:in `block in process_action'
  activesupport (4.0.2) lib/active_support/notifications.rb:159:in `block in instrument'
  activesupport (4.0.2) lib/active_support/notifications/instrumenter.rb:20:in `instrument'
  activesupport (4.0.2) lib/active_support/notifications.rb:159:in `instrument'
  actionpack (4.0.2) lib/action_controller/metal/instrumentation.rb:30:in `process_action'
  actionpack (4.0.2) lib/action_controller/metal/params_wrapper.rb:245:in `process_action'
  activerecord (4.0.2) lib/active_record/railties/controller_runtime.rb:18:in `process_action'
  actionpack (4.0.2) lib/abstract_controller/base.rb:136:in `process'
  actionpack (4.0.2) lib/abstract_controller/rendering.rb:44:in `process'
  actionpack (4.0.2) lib/action_controller/metal.rb:195:in `dispatch'
  actionpack (4.0.2) lib/action_controller/metal/rack_delegation.rb:13:in `dispatch'
  actionpack (4.0.2) lib/action_controller/metal.rb:231:in `block in action'
  actionpack (4.0.2) lib/action_dispatch/routing/route_set.rb:80:in `dispatch'
  actionpack (4.0.2) lib/action_dispatch/routing/route_set.rb:48:in `call'
  actionpack (4.0.2) lib/action_dispatch/journey/router.rb:71:in `block in call'
  actionpack (4.0.2) lib/action_dispatch/journey/router.rb:59:in `call'
  actionpack (4.0.2) lib/action_dispatch/routing/route_set.rb:680:in `call'
  rack (1.5.2) lib/rack/etag.rb:23:in `call'
  rack (1.5.2) lib/rack/conditionalget.rb:25:in `call'
  rack (1.5.2) lib/rack/head.rb:11:in `call'
  actionpack (4.0.2) lib/action_dispatch/middleware/params_parser.rb:27:in `call'
  actionpack (4.0.2) lib/action_dispatch/middleware/flash.rb:241:in `call'
  rack (1.5.2) lib/rack/session/abstract/id.rb:225:in `context'
  rack (1.5.2) lib/rack/session/abstract/id.rb:220:in `call'
  actionpack (4.0.2) lib/action_dispatch/middleware/cookies.rb:486:in `call'
  activerecord (4.0.2) lib/active_record/query_cache.rb:36:in `call'
  activerecord (4.0.2) lib/active_record/connection_adapters/abstract/connection_pool.rb:626:in `call'
  actionpack (4.0.2) lib/action_dispatch/middleware/callbacks.rb:29:in `block in call'
  activesupport (4.0.2) lib/active_support/callbacks.rb:373:in `_run__4147124238633593608__call__callbacks'
  activesupport (4.0.2) lib/active_support/callbacks.rb:80:in `run_callbacks'
  actionpack (4.0.2) lib/action_dispatch/middleware/callbacks.rb:27:in `call'
  actionpack (4.0.2) lib/action_dispatch/middleware/reloader.rb:64:in `call'
  actionpack (4.0.2) lib/action_dispatch/middleware/remote_ip.rb:76:in `call'
  better_errors (1.1.0) lib/better_errors/middleware.rb:84:in `protected_app_call'
  better_errors (1.1.0) lib/better_errors/middleware.rb:79:in `better_errors_call'
  better_errors (1.1.0) lib/better_errors/middleware.rb:56:in `call'
  actionpack (4.0.2) lib/action_dispatch/middleware/debug_exceptions.rb:17:in `call'
  actionpack (4.0.2) lib/action_dispatch/middleware/show_exceptions.rb:30:in `call'
  lograge (0.2.2) lib/lograge/rails_ext/rack/logger.rb:15:in `call_app'
  railties (4.0.2) lib/rails/rack/logger.rb:20:in `block in call'
  activesupport (4.0.2) lib/active_support/tagged_logging.rb:67:in `block in tagged'
  activesupport (4.0.2) lib/active_support/tagged_logging.rb:25:in `tagged'
  activesupport (4.0.2) lib/active_support/tagged_logging.rb:67:in `tagged'
  railties (4.0.2) lib/rails/rack/logger.rb:20:in `call'
  actionpack (4.0.2) lib/action_dispatch/middleware/request_id.rb:21:in `call'
  rack (1.5.2) lib/rack/methodoverride.rb:21:in `call'
  rack (1.5.2) lib/rack/runtime.rb:17:in `call'
  activesupport (4.0.2) lib/active_support/cache/strategy/local_cache.rb:83:in `call'
  rack (1.5.2) lib/rack/lock.rb:17:in `call'
  actionpack (4.0.2) lib/action_dispatch/middleware/static.rb:64:in `call'
  rack (1.5.2) lib/rack/sendfile.rb:112:in `call'
  railties (4.0.2) lib/rails/engine.rb:511:in `call'
  railties (4.0.2) lib/rails/application.rb:97:in `call'
  rack (1.5.2) lib/rack/lock.rb:17:in `call'
  rack (1.5.2) lib/rack/content_length.rb:14:in `call'
  rack (1.5.2) lib/rack/handler/webrick.rb:60:in `service'
  /Users/jholly/.rvm/rubies/ruby-2.1.5/lib/ruby/2.1.0/webrick/httpserver.rb:138:in `service'
  /Users/jholly/.rvm/rubies/ruby-2.1.5/lib/ruby/2.1.0/webrick/httpserver.rb:94:in `run'
  /Users/jholly/.rvm/rubies/ruby-2.1.5/lib/ruby/2.1.0/webrick/server.rb:295:in `block in start_thread'

DEPRECATION WARNING: You didn't set config.secret_key_base. Read the upgrade documentation to learn more about this new config option. (called from service at /Users/jholly/.rvm/rubies/ruby-2.1.5/lib/ruby/2.1.0/webrick/httpserver.rb:138)
method=GET path=/ format=html controller=welcome action=index status=200 duration=39.98 view=39.56 db=0.00
method=GET path=/ format=html controller=welcome action=index status=200 duration=4.88 view=4.73 db=0.00
  [1m[36mArticle Load (2.6ms)[0m  [1mSELECT "articles".* FROM "articles"[0m
method=GET path=/articles format=html controller=articles action=index status=200 duration=23.41 view=12.05 db=6.29
  [1m[35mArticle Load (1.2ms)[0m  SELECT "articles".* FROM "articles" WHERE "articles"."id" = $1 LIMIT 1  [["id", "1"]]
method=GET path=/articles/1/edit format=html controller=articles action=edit status=500 error='ActionView::Template::Error:undefined method `errors' for nil:NilClass' duration=12.53

NoMethodError - undefined method `errors' for nil:NilClass:
  app/views/articles/_form.html.erb:3:in `block in _app_views_articles__form_html_erb___2170287948722838876_70253921753760'
  actionpack (4.0.2) lib/action_view/helpers/capture_helper.rb:38:in `block in capture'
  actionpack (4.0.2) lib/action_view/helpers/capture_helper.rb:200:in `with_output_buffer'
  actionpack (4.0.2) lib/action_view/helpers/capture_helper.rb:38:in `capture'
  actionpack (4.0.2) lib/action_view/helpers/form_helper.rb:435:in `form_for'
  app/views/articles/_form.html.erb:1:in `_app_views_articles__form_html_erb___2170287948722838876_70253921753760'
  actionpack (4.0.2) lib/action_view/template.rb:143:in `block in render'
  activesupport (4.0.2) lib/active_support/notifications.rb:161:in `instrument'
  actionpack (4.0.2) lib/action_view/template.rb:141:in `render'
  actionpack (4.0.2) lib/action_view/renderer/partial_renderer.rb:306:in `render_partial'
  actionpack (4.0.2) lib/action_view/renderer/partial_renderer.rb:279:in `block in render'
  actionpack (4.0.2) lib/action_view/renderer/abstract_renderer.rb:38:in `block in instrument'
  activesupport (4.0.2) lib/active_support/notifications.rb:161:in `instrument'
  actionpack (4.0.2) lib/action_view/renderer/abstract_renderer.rb:38:in `instrument'
  actionpack (4.0.2) lib/action_view/renderer/partial_renderer.rb:278:in `render'
  actionpack (4.0.2) lib/action_view/renderer/renderer.rb:47:in `render_partial'
  actionpack (4.0.2) lib/action_view/helpers/rendering_helper.rb:27:in `render'
  app/views/articles/edit.html.erb:3:in `_app_views_articles_edit_html_erb___1207482295549313905_70253929582460'
  actionpack (4.0.2) lib/action_view/template.rb:143:in `block in render'
  activesupport (4.0.2) lib/active_support/notifications.rb:161:in `instrument'
  actionpack (4.0.2) lib/action_view/template.rb:141:in `render'
  actionpack (4.0.2) lib/action_view/renderer/template_renderer.rb:49:in `block (2 levels) in render_template'
  actionpack (4.0.2) lib/action_view/renderer/abstract_renderer.rb:38:in `block in instrument'
  activesupport (4.0.2) lib/active_support/notifications.rb:161:in `instrument'
  actionpack (4.0.2) lib/action_view/renderer/abstract_renderer.rb:38:in `instrument'
  actionpack (4.0.2) lib/action_view/renderer/template_renderer.rb:48:in `block in render_template'
  actionpack (4.0.2) lib/action_view/renderer/template_renderer.rb:56:in `render_with_layout'
  actionpack (4.0.2) lib/action_view/renderer/template_renderer.rb:47:in `render_template'
  actionpack (4.0.2) lib/action_view/renderer/template_renderer.rb:17:in `render'
  actionpack (4.0.2) lib/action_view/renderer/renderer.rb:42:in `render_template'
  actionpack (4.0.2) lib/action_view/renderer/renderer.rb:23:in `render'
  actionpack (4.0.2) lib/abstract_controller/rendering.rb:127:in `_render_template'
  actionpack (4.0.2) lib/action_controller/metal/streaming.rb:219:in `_render_template'
  actionpack (4.0.2) lib/abstract_controller/rendering.rb:120:in `render_to_body'
  actionpack (4.0.2) lib/action_controller/metal/rendering.rb:33:in `render_to_body'
  actionpack (4.0.2) lib/action_controller/metal/renderers.rb:26:in `render_to_body'
  actionpack (4.0.2) lib/abstract_controller/rendering.rb:97:in `render'
  actionpack (4.0.2) lib/action_controller/metal/rendering.rb:16:in `render'
  actionpack (4.0.2) lib/action_controller/metal/instrumentation.rb:41:in `block (2 levels) in render'
  activesupport (4.0.2) lib/active_support/core_ext/benchmark.rb:12:in `block in ms'
  /Users/jholly/.rvm/rubies/ruby-2.1.5/lib/ruby/2.1.0/benchmark.rb:294:in `realtime'
  activesupport (4.0.2) lib/active_support/core_ext/benchmark.rb:12:in `ms'
  actionpack (4.0.2) lib/action_controller/metal/instrumentation.rb:41:in `block in render'
  actionpack (4.0.2) lib/action_controller/metal/instrumentation.rb:84:in `cleanup_view_runtime'
  activerecord (4.0.2) lib/active_record/railties/controller_runtime.rb:25:in `cleanup_view_runtime'
  actionpack (4.0.2) lib/action_controller/metal/instrumentation.rb:40:in `render'
  actionpack (4.0.2) lib/action_controller/metal/implicit_render.rb:10:in `default_render'
  actionpack (4.0.2) lib/action_controller/metal/implicit_render.rb:5:in `send_action'
  actionpack (4.0.2) lib/abstract_controller/base.rb:189:in `process_action'
  actionpack (4.0.2) lib/action_controller/metal/rendering.rb:10:in `process_action'
  actionpack (4.0.2) lib/abstract_controller/callbacks.rb:18:in `block in process_action'
  activesupport (4.0.2) lib/active_support/callbacks.rb:393:in `_run__718641560440869287__process_action__callbacks'
  activesupport (4.0.2) lib/active_support/callbacks.rb:80:in `run_callbacks'
  actionpack (4.0.2) lib/abstract_controller/callbacks.rb:17:in `process_action'
  actionpack (4.0.2) lib/action_controller/metal/rescue.rb:29:in `process_action'
  actionpack (4.0.2) lib/action_controller/metal/instrumentation.rb:31:in `block in process_action'
  activesupport (4.0.2) lib/active_support/notifications.rb:159:in `block in instrument'
  activesupport (4.0.2) lib/active_support/notifications/instrumenter.rb:20:in `instrument'
  activesupport (4.0.2) lib/active_support/notifications.rb:159:in `instrument'
  actionpack (4.0.2) lib/action_controller/metal/instrumentation.rb:30:in `process_action'
  actionpack (4.0.2) lib/action_controller/metal/params_wrapper.rb:245:in `process_action'
  activerecord (4.0.2) lib/active_record/railties/controller_runtime.rb:18:in `process_action'
  actionpack (4.0.2) lib/abstract_controller/base.rb:136:in `process'
  actionpack (4.0.2) lib/abstract_controller/rendering.rb:44:in `process'
  actionpack (4.0.2) lib/action_controller/metal.rb:195:in `dispatch'
  actionpack (4.0.2) lib/action_controller/metal/rack_delegation.rb:13:in `dispatch'
  actionpack (4.0.2) lib/action_controller/metal.rb:231:in `block in action'
  actionpack (4.0.2) lib/action_dispatch/routing/route_set.rb:80:in `dispatch'
  actionpack (4.0.2) lib/action_dispatch/routing/route_set.rb:48:in `call'
  actionpack (4.0.2) lib/action_dispatch/journey/router.rb:71:in `block in call'
  actionpack (4.0.2) lib/action_dispatch/journey/router.rb:59:in `call'
  actionpack (4.0.2) lib/action_dispatch/routing/route_set.rb:680:in `call'
  rack (1.5.2) lib/rack/etag.rb:23:in `call'
  rack (1.5.2) lib/rack/conditionalget.rb:25:in `call'
  rack (1.5.2) lib/rack/head.rb:11:in `call'
  actionpack (4.0.2) lib/action_dispatch/middleware/params_parser.rb:27:in `call'
  actionpack (4.0.2) lib/action_dispatch/middleware/flash.rb:241:in `call'
  rack (1.5.2) lib/rack/session/abstract/id.rb:225:in `context'
  rack (1.5.2) lib/rack/session/abstract/id.rb:220:in `call'
  actionpack (4.0.2) lib/action_dispatch/middleware/cookies.rb:486:in `call'
  activerecord (4.0.2) lib/active_record/query_cache.rb:36:in `call'
  activerecord (4.0.2) lib/active_record/connection_adapters/abstract/connection_pool.rb:626:in `call'
  actionpack (4.0.2) lib/action_dispatch/middleware/callbacks.rb:29:in `block in call'
  activesupport (4.0.2) lib/active_support/callbacks.rb:373:in `_run__771271950909125813__call__callbacks'
  activesupport (4.0.2) lib/active_support/callbacks.rb:80:in `run_callbacks'
  actionpack (4.0.2) lib/action_dispatch/middleware/callbacks.rb:27:in `call'
  actionpack (4.0.2) lib/action_dispatch/middleware/reloader.rb:64:in `call'
  actionpack (4.0.2) lib/action_dispatch/middleware/remote_ip.rb:76:in `call'
  better_errors (1.1.0) lib/better_errors/middleware.rb:84:in `protected_app_call'
  better_errors (1.1.0) lib/better_errors/middleware.rb:79:in `better_errors_call'
  better_errors (1.1.0) lib/better_errors/middleware.rb:56:in `call'
  actionpack (4.0.2) lib/action_dispatch/middleware/debug_exceptions.rb:17:in `call'
  actionpack (4.0.2) lib/action_dispatch/middleware/show_exceptions.rb:30:in `call'
  lograge (0.2.2) lib/lograge/rails_ext/rack/logger.rb:15:in `call_app'
  railties (4.0.2) lib/rails/rack/logger.rb:20:in `block in call'
  activesupport (4.0.2) lib/active_support/tagged_logging.rb:67:in `block in tagged'
  activesupport (4.0.2) lib/active_support/tagged_logging.rb:25:in `tagged'
  activesupport (4.0.2) lib/active_support/tagged_logging.rb:67:in `tagged'
  railties (4.0.2) lib/rails/rack/logger.rb:20:in `call'
  actionpack (4.0.2) lib/action_dispatch/middleware/request_id.rb:21:in `call'
  rack (1.5.2) lib/rack/methodoverride.rb:21:in `call'
  rack (1.5.2) lib/rack/runtime.rb:17:in `call'
  activesupport (4.0.2) lib/active_support/cache/strategy/local_cache.rb:83:in `call'
  rack (1.5.2) lib/rack/lock.rb:17:in `call'
  actionpack (4.0.2) lib/action_dispatch/middleware/static.rb:64:in `call'
  rack (1.5.2) lib/rack/sendfile.rb:112:in `call'
  railties (4.0.2) lib/rails/engine.rb:511:in `call'
  railties (4.0.2) lib/rails/application.rb:97:in `call'
  rack (1.5.2) lib/rack/lock.rb:17:in `call'
  rack (1.5.2) lib/rack/content_length.rb:14:in `call'
  rack (1.5.2) lib/rack/handler/webrick.rb:60:in `service'
  /Users/jholly/.rvm/rubies/ruby-2.1.5/lib/ruby/2.1.0/webrick/httpserver.rb:138:in `service'
  /Users/jholly/.rvm/rubies/ruby-2.1.5/lib/ruby/2.1.0/webrick/httpserver.rb:94:in `run'
  /Users/jholly/.rvm/rubies/ruby-2.1.5/lib/ruby/2.1.0/webrick/server.rb:295:in `block in start_thread'

method=GET path=/ format=html controller=welcome action=index status=200 duration=7.14 view=6.77 db=0.00
  [1m[36mArticle Load (0.5ms)[0m  [1mSELECT "articles".* FROM "articles"[0m
method=GET path=/articles format=html controller=articles action=index status=200 duration=17.53 view=11.10 db=2.49
  [1m[35mArticle Load (0.6ms)[0m  SELECT "articles".* FROM "articles" WHERE "articles"."id" = $1 LIMIT 1  [["id", "1"]]
method=GET path=/articles/1/edit format=html controller=articles action=edit status=200 duration=21.07 view=19.33 db=0.58
  [1m[36mArticle Load (0.5ms)[0m  [1mSELECT "articles".* FROM "articles"[0m
method=GET path=/articles format=html controller=articles action=index status=200 duration=6.61 view=5.83 db=0.55
  [1m[35mArticle Load (0.5ms)[0m  SELECT "articles".* FROM "articles" WHERE "articles"."id" = $1 LIMIT 1  [["id", "1"]]
method=GET path=/articles/1/edit format=html controller=articles action=edit status=200 duration=9.33 view=7.70 db=0.54
  [1m[36mArticle Load (0.5ms)[0m  [1mSELECT "articles".* FROM "articles" WHERE "articles"."id" = $1 LIMIT 1[0m  [["id", "1"]]
  [1m[35mComment Load (4.4ms)[0m  SELECT "comments".* FROM "comments" WHERE "comments"."article_id" = $1  [["article_id", 1]]
method=GET path=/articles/1 format=html controller=articles action=show status=200 duration=38.43 view=30.32 db=6.78
  [1m[36mArticle Load (0.6ms)[0m  [1mSELECT "articles".* FROM "articles" WHERE "articles"."id" = $1 LIMIT 1[0m  [["id", "1"]]
method=GET path=/articles/1/edit format=html controller=articles action=edit status=200 duration=10.12 view=8.02 db=0.56
  [1m[35mArticle Load (0.6ms)[0m  SELECT "articles".* FROM "articles" WHERE "articles"."id" = $1 LIMIT 1  [["id", "1"]]
  [1m[36m (0.1ms)[0m  [1mBEGIN[0m
  [1m[35mSQL (2.3ms)[0m  INSERT INTO "comments" ("article_id", "body", "commenter", "created_at", "updated_at") VALUES ($1, $2, $3, $4, $5) RETURNING "id"  [["article_id", 1], ["body", "hey man!"], ["commenter", "joe"], ["created_at", Tue, 02 Jun 2015 13:47:43 UTC +00:00], ["updated_at", Tue, 02 Jun 2015 13:47:43 UTC +00:00]]
  [1m[36m (6.1ms)[0m  [1mCOMMIT[0m
method=POST path=/articles/1/comments format=html controller=comments action=create status=302 duration=14.57 db=9.13 location=http://localhost:3000/articles/1
  [1m[35mArticle Load (0.3ms)[0m  SELECT "articles".* FROM "articles" WHERE "articles"."id" = $1 LIMIT 1  [["id", "1"]]
  [1m[36mComment Load (0.3ms)[0m  [1mSELECT "comments".* FROM "comments" WHERE "comments"."article_id" = $1[0m  [["article_id", 1]]
  [1m[35mArticle Load (1.2ms)[0m  SELECT "articles".* FROM "articles" WHERE "articles"."id" = $1 ORDER BY "articles"."id" ASC LIMIT 1  [["id", 1]]
method=GET path=/articles/1 format=html controller=articles action=show status=200 duration=17.52 view=14.62 db=1.80
  [1m[36mArticle Load (0.5ms)[0m  [1mSELECT "articles".* FROM "articles" WHERE "articles"."id" = $1 LIMIT 1[0m  [["id", "1"]]
method=GET path=/articles/1/edit format=html controller=articles action=edit status=200 duration=8.68 view=6.93 db=0.48
  [1m[35mArticle Load (0.4ms)[0m  SELECT "articles".* FROM "articles" WHERE "articles"."id" = $1 LIMIT 1  [["id", "1"]]
  [1m[36m (0.2ms)[0m  [1mBEGIN[0m
  [1m[35mSQL (0.9ms)[0m  UPDATE "articles" SET "text" = $1, "updated_at" = $2 WHERE "articles"."id" = 1  [["text", "nahh"], ["updated_at", Tue, 02 Jun 2015 13:47:50 UTC +00:00]]
  [1m[36m (5.6ms)[0m  [1mCOMMIT[0m
method=POST path=/articles/1 format=html controller=articles action=update status=302 duration=13.26 db=7.02 location=http://localhost:3000/articles/1
  [1m[35mArticle Load (0.3ms)[0m  SELECT "articles".* FROM "articles" WHERE "articles"."id" = $1 LIMIT 1  [["id", "1"]]
  [1m[36mComment Load (0.3ms)[0m  [1mSELECT "comments".* FROM "comments" WHERE "comments"."article_id" = $1[0m  [["article_id", 1]]
  [1m[35mArticle Load (0.3ms)[0m  SELECT "articles".* FROM "articles" WHERE "articles"."id" = $1 ORDER BY "articles"."id" ASC LIMIT 1  [["id", 1]]
method=GET path=/articles/1 format=html controller=articles action=show status=200 duration=11.17 view=9.20 db=0.94
  [1m[36mArticle Load (0.4ms)[0m  [1mSELECT "articles".* FROM "articles" WHERE "articles"."id" = $1 LIMIT 1[0m  [["id", "1"]]
  [1m[35mComment Load (0.5ms)[0m  SELECT "comments".* FROM "comments" WHERE "comments"."article_id" = $1 AND "comments"."id" = $2 LIMIT 1  [["article_id", 1], ["id", "4"]]
  [1m[36m (0.1ms)[0m  [1mBEGIN[0m
  [1m[35mSQL (0.3ms)[0m  DELETE FROM "comments" WHERE "comments"."id" = $1  [["id", 4]]
  [1m[36m (0.4ms)[0m  [1mCOMMIT[0m
method=POST path=/articles/1/comments/4 format=html controller=comments action=destroy status=302 duration=5.18 db=1.72 location=http://localhost:3000/articles/1
  [1m[35mArticle Load (0.3ms)[0m  SELECT "articles".* FROM "articles" WHERE "articles"."id" = $1 LIMIT 1  [["id", "1"]]
  [1m[36mComment Load (0.4ms)[0m  [1mSELECT "comments".* FROM "comments" WHERE "comments"."article_id" = $1[0m  [["article_id", 1]]
method=GET path=/articles/1 format=html controller=articles action=show status=200 duration=11.29 view=9.43 db=0.77
  [1m[35mArticle Load (0.5ms)[0m  SELECT "articles".* FROM "articles"
method=GET path=/articles format=html controller=articles action=index status=200 duration=6.59 view=5.75 db=0.47
  [1m[36mArticle Load (0.5ms)[0m  [1mSELECT "articles".* FROM "articles" WHERE "articles"."id" = $1 LIMIT 1[0m  [["id", "1"]]
  [1m[35m (0.2ms)[0m  BEGIN
  [1m[36mComment Load (0.4ms)[0m  [1mSELECT "comments".* FROM "comments" WHERE "comments"."article_id" = $1[0m  [["article_id", 1]]
  [1m[35mSQL (0.5ms)[0m  DELETE FROM "articles" WHERE "articles"."id" = $1  [["id", 1]]
  [1m[36m (0.5ms)[0m  [1mCOMMIT[0m
method=POST path=/articles/1 format=html controller=articles action=destroy status=302 duration=6.19 db=2.01 location=http://localhost:3000/articles
  [1m[35mArticle Load (0.4ms)[0m  SELECT "articles".* FROM "articles"
method=GET path=/articles format=html controller=articles action=index status=200 duration=6.22 view=5.57 db=0.40
  [1m[36mArticle Load (0.4ms)[0m  [1mSELECT "articles".* FROM "articles" WHERE "articles"."id" = $1 LIMIT 1[0m  [["id", "2"]]
  [1m[35m (0.1ms)[0m  BEGIN
  [1m[36mComment Load (0.5ms)[0m  [1mSELECT "comments".* FROM "comments" WHERE "comments"."article_id" = $1[0m  [["article_id", 2]]
  [1m[35mSQL (0.4ms)[0m  DELETE FROM "articles" WHERE "articles"."id" = $1  [["id", 2]]
  [1m[36m (0.4ms)[0m  [1mCOMMIT[0m
method=POST path=/articles/2 format=html controller=articles action=destroy status=302 duration=6.03 db=1.83 location=http://localhost:3000/articles
  [1m[35mArticle Load (0.4ms)[0m  SELECT "articles".* FROM "articles"
method=GET path=/articles format=html controller=articles action=index status=200 duration=5.67 view=5.06 db=0.37
  [1m[36mArticle Load (0.4ms)[0m  [1mSELECT "articles".* FROM "articles"[0m
method=GET path=/articles format=html controller=articles action=index status=200 duration=6.43 view=5.77 db=0.43
method=GET path=/ format=html controller=welcome action=index status=200 duration=6.01 view=5.69 db=0.00
  [1m[35mArticle Load (0.6ms)[0m  SELECT "articles".* FROM "articles"
method=GET path=/articles format=html controller=articles action=index status=200 duration=6.93 view=6.05 db=0.63
DEPRECATION WARNING: You didn't set config.secret_key_base. Read the upgrade documentation to learn more about this new config option. (called from service at /Users/jholly/.rvm/rubies/ruby-2.1.5/lib/ruby/2.1.0/webrick/httpserver.rb:138)
method=GET path=/ format=html controller=welcome action=index status=200 duration=89.69 view=88.96 db=0.00
method=GET path=/ format=html controller=welcome action=index status=200 duration=6.55 view=6.27 db=0.00
  [1m[36mArticle Load (2.0ms)[0m  [1mSELECT "articles".* FROM "articles"[0m
method=GET path=/articles format=html controller=articles action=index status=200 duration=15.67 view=8.78 db=2.02
method=GET path=/articles/new format=html controller=articles action=new status=200 duration=35.21 view=27.44 db=5.86
  [1m[35m (0.2ms)[0m  BEGIN
  [1m[36mSQL (4.0ms)[0m  [1mINSERT INTO "articles" ("created_at", "text", "title", "updated_at") VALUES ($1, $2, $3, $4) RETURNING "id"[0m  [["created_at", Tue, 02 Jun 2015 14:17:33 UTC +00:00], ["text", "hihihih"], ["title", "hey hey"], ["updated_at", Tue, 02 Jun 2015 14:17:33 UTC +00:00]]
  [1m[35m (6.3ms)[0m  COMMIT
method=POST path=/articles format=html controller=articles action=create status=302 duration=16.44 db=10.81 location=http://localhost:3000/articles/3
  [1m[36mArticle Load (0.7ms)[0m  [1mSELECT "articles".* FROM "articles" WHERE "articles"."id" = $1 LIMIT 1[0m  [["id", "3"]]
  [1m[35mComment Load (0.6ms)[0m  SELECT "comments".* FROM "comments" WHERE "comments"."article_id" = $1  [["article_id", 3]]
method=GET path=/articles/3 format=html controller=articles action=show status=200 duration=34.50 view=28.41 db=3.42
  [1m[36mArticle Load (0.6ms)[0m  [1mSELECT "articles".* FROM "articles" WHERE "articles"."id" = $1 LIMIT 1[0m  [["id", "3"]]
method=GET path=/articles/3/edit format=html controller=articles action=edit status=200 duration=12.09 view=10.19 db=0.60
  [1m[35mArticle Load (0.5ms)[0m  SELECT "articles".* FROM "articles" WHERE "articles"."id" = $1 LIMIT 1  [["id", "3"]]
  [1m[36m (0.1ms)[0m  [1mBEGIN[0m
  [1m[35mSQL (0.7ms)[0m  UPDATE "articles" SET "text" = $1, "updated_at" = $2 WHERE "articles"."id" = 3  [["text", "no"], ["updated_at", Tue, 02 Jun 2015 14:17:39 UTC +00:00]]
  [1m[36m (5.8ms)[0m  [1mCOMMIT[0m
method=POST path=/articles/3 format=html controller=articles action=update status=302 duration=12.56 db=7.11 location=http://localhost:3000/articles/3
  [1m[35mArticle Load (0.4ms)[0m  SELECT "articles".* FROM "articles" WHERE "articles"."id" = $1 LIMIT 1  [["id", "3"]]
  [1m[36mComment Load (0.3ms)[0m  [1mSELECT "comments".* FROM "comments" WHERE "comments"."article_id" = $1[0m  [["article_id", 3]]
method=GET path=/articles/3 format=html controller=articles action=show status=200 duration=10.74 view=9.09 db=0.73
  [1m[35mArticle Load (0.8ms)[0m  SELECT "articles".* FROM "articles"
method=GET path=/articles format=html controller=articles action=index status=200 duration=8.34 view=7.15 db=0.75
  [1m[36mArticle Load (0.6ms)[0m  [1mSELECT "articles".* FROM "articles" WHERE "articles"."id" = $1 LIMIT 1[0m  [["id", "3"]]
  [1m[35m (0.3ms)[0m  BEGIN
  [1m[36mComment Load (0.4ms)[0m  [1mSELECT "comments".* FROM "comments" WHERE "comments"."article_id" = $1[0m  [["article_id", 3]]
  [1m[35mSQL (0.5ms)[0m  DELETE FROM "articles" WHERE "articles"."id" = $1  [["id", 3]]
  [1m[36m (1.2ms)[0m  [1mCOMMIT[0m
method=POST path=/articles/3 format=html controller=articles action=destroy status=302 duration=7.76 db=2.95 location=http://localhost:3000/articles
  [1m[35mArticle Load (0.4ms)[0m  SELECT "articles".* FROM "articles"
method=GET path=/articles format=html controller=articles action=index status=200 duration=8.87 view=8.07 db=0.43
DEPRECATION WARNING: You didn't set config.secret_key_base. Read the upgrade documentation to learn more about this new config option. (called from service at /Users/jholly/.rvm/rubies/ruby-2.1.5/lib/ruby/2.1.0/webrick/httpserver.rb:138)
method=GET path=/ format=html controller=welcome action=index status=200 duration=44.97 view=44.53 db=0.00
  [1m[36mArticle Load (2.0ms)[0m  [1mSELECT "articles".* FROM "articles"[0m
method=GET path=/articles format=html controller=articles action=index status=200 duration=14.63 view=7.63 db=1.96
